<?xml version="1.0" encoding="UTF-8"?>
<!-- Generated by org.testng.reporters.JUnitXMLReporter -->
<testsuite hostname="G10GNLT049" name="ARCRegressionTest-City-LEED" tests="11" failures="3" timestamp="14 Nov 2017 10:12:50 GMT" time="745.87" errors="0">
  <testcase name="loginCase" time="33.55" classname="com.arc.testcases.MyCities.LEEDforCities.LoginCaseTest"/>
  <testcase name="searchProgram" time="21.993" classname="com.arc.testcases.MyCities.LEEDforCities.SearchProgramTest"/>
  <testcase name="addNewProject" time="48.945" classname="com.arc.testcases.MyCities.LEEDforCities.AddNewProjectTest"/>
  <testcase name="clickSearchedProgram" time="20.768" classname="com.arc.testcases.MyCities.LEEDforCities.ClickSearchedProgramTest"/>
  <testcase name="paymentbyCC" time="57.023" classname="com.arc.testcases.MyCities.LEEDforCities.PaymentbyCCTest"/>
  <testcase name="prerequisitesAttempt" time="103.662" classname="com.arc.testcases.MyCities.LEEDforCities.PrerequisitesAttemptTest">
    <failure type="java.lang.Error" message="Element is not currently visible and so may not be interacted with
Command duration or timeout: 60.14 seconds
Build info: version: &amp;apos;2.53.1&amp;apos;, revision: &amp;apos;a36b8b1cd5757287168e54b817830adce9b0158d&amp;apos;, time: &amp;apos;2016-06-30 19:26:09&amp;apos;
System info: host: &amp;apos;G10GNLT049&amp;apos;, ip: &amp;apos;172.18.0.227&amp;apos;, os.name: &amp;apos;Windows 10&amp;apos;, os.arch: &amp;apos;amd64&amp;apos;, os.version: &amp;apos;10.0&amp;apos;, java.version: &amp;apos;1.8.0_151&amp;apos;
Driver info: org.openqa.selenium.firefox.FirefoxDriver
Capabilities [{applicationCacheEnabled=true, rotatable=false, handlesAlerts=true, databaseEnabled=true, version=32.0.2, platform=WINDOWS, nativeEvents=false, acceptSslCerts=true, webStorageEnabled=true, locationContextEnabled=true, browserName=firefox, takesScreenshot=true, javascriptEnabled=true, cssSelectorsEnabled=true}]
Session ID: 8628b6e5-0ef1-40fb-b68b-25d47ec9c7fc">
      <![CDATA[java.lang.Error: Element is not currently visible and so may not be interacted with
Command duration or timeout: 60.14 seconds
Build info: version: '2.53.1', revision: 'a36b8b1cd5757287168e54b817830adce9b0158d', time: '2016-06-30 19:26:09'
System info: host: 'G10GNLT049', ip: '172.18.0.227', os.name: 'Windows 10', os.arch: 'amd64', os.version: '10.0', java.version: '1.8.0_151'
Driver info: org.openqa.selenium.firefox.FirefoxDriver
Capabilities [{applicationCacheEnabled=true, rotatable=false, handlesAlerts=true, databaseEnabled=true, version=32.0.2, platform=WINDOWS, nativeEvents=false, acceptSslCerts=true, webStorageEnabled=true, locationContextEnabled=true, browserName=firefox, takesScreenshot=true, javascriptEnabled=true, cssSelectorsEnabled=true}]
Session ID: 8628b6e5-0ef1-40fb-b68b-25d47ec9c7fc
	at org.openqa.selenium.remote.ErrorHandler.createThrowable(ErrorHandler.java:206)
	at org.openqa.selenium.remote.ErrorHandler.throwIfResponseFailed(ErrorHandler.java:158)
	at org.openqa.selenium.remote.RemoteWebDriver.execute(RemoteWebDriver.java:678)
	at org.openqa.selenium.remote.RemoteWebElement.execute(RemoteWebElement.java:327)
	at org.openqa.selenium.remote.RemoteWebElement.click(RemoteWebElement.java:85)
	at com.arc.driver.CommonMethod.click(CommonMethod.java:164)
	at com.arc.ReusableMethods.ReusableMethodsPrerequisites.ClickPrerequisites(ReusableMethodsPrerequisites.java:75)
	at com.arc.ReusableMethods.ReusableMethodsPrerequisites.PrereqAttempt(ReusableMethodsPrerequisites.java:15)
	at com.arc.testcases.MyCities.LEEDforCities.PrerequisitesAttemptTest.prerequisitesAttempt(PrerequisitesAttemptTest.java:35)
... Removed 28 stack frames]]>
    </failure>
  </testcase> <!-- prerequisitesAttempt -->
  <testcase name="projectFieldVerification" time="36.5" classname="com.arc.testcases.MyCities.LEEDforCities.ProjectFieldVerificationTest"/>
  <testcase name="editProjectDetails" time="103.258" classname="com.arc.testcases.MyCities.LEEDforCities.EditProjectDetailsTest">
    <failure type="java.lang.Error" message="Unable to locate element: {&amp;quot;method&amp;quot;:&amp;quot;xpath&amp;quot;,&amp;quot;selector&amp;quot;:&amp;quot;.//*[@ng-model=&amp;apos;projectInfo.operating_hours&amp;apos;]&amp;quot;}
Command duration or timeout: 64.48 seconds
For documentation on this error, please visit: http://seleniumhq.org/exceptions/no_such_element.html
Build info: version: &amp;apos;2.53.1&amp;apos;, revision: &amp;apos;a36b8b1cd5757287168e54b817830adce9b0158d&amp;apos;, time: &amp;apos;2016-06-30 19:26:09&amp;apos;
System info: host: &amp;apos;G10GNLT049&amp;apos;, ip: &amp;apos;172.18.0.227&amp;apos;, os.name: &amp;apos;Windows 10&amp;apos;, os.arch: &amp;apos;amd64&amp;apos;, os.version: &amp;apos;10.0&amp;apos;, java.version: &amp;apos;1.8.0_151&amp;apos;
Driver info: org.openqa.selenium.firefox.FirefoxDriver
Capabilities [{applicationCacheEnabled=true, rotatable=false, handlesAlerts=true, databaseEnabled=true, version=32.0.2, platform=WINDOWS, nativeEvents=false, acceptSslCerts=true, webStorageEnabled=true, locationContextEnabled=true, browserName=firefox, takesScreenshot=true, javascriptEnabled=true, cssSelectorsEnabled=true}]
Session ID: d6ee0915-5c73-4919-8d09-b34d43e0732f
*** Element info: {Using=xpath, value=.//*[@ng-model=&amp;apos;projectInfo.operating_hours&amp;apos;]}">
      <![CDATA[java.lang.Error: Unable to locate element: {"method":"xpath","selector":".//*[@ng-model='projectInfo.operating_hours']"}
Command duration or timeout: 64.48 seconds
For documentation on this error, please visit: http://seleniumhq.org/exceptions/no_such_element.html
Build info: version: '2.53.1', revision: 'a36b8b1cd5757287168e54b817830adce9b0158d', time: '2016-06-30 19:26:09'
System info: host: 'G10GNLT049', ip: '172.18.0.227', os.name: 'Windows 10', os.arch: 'amd64', os.version: '10.0', java.version: '1.8.0_151'
Driver info: org.openqa.selenium.firefox.FirefoxDriver
Capabilities [{applicationCacheEnabled=true, rotatable=false, handlesAlerts=true, databaseEnabled=true, version=32.0.2, platform=WINDOWS, nativeEvents=false, acceptSslCerts=true, webStorageEnabled=true, locationContextEnabled=true, browserName=firefox, takesScreenshot=true, javascriptEnabled=true, cssSelectorsEnabled=true}]
Session ID: d6ee0915-5c73-4919-8d09-b34d43e0732f
*** Element info: {Using=xpath, value=.//*[@ng-model='projectInfo.operating_hours']}
	at org.openqa.selenium.remote.ErrorHandler.createThrowable(ErrorHandler.java:206)
	at org.openqa.selenium.remote.ErrorHandler.throwIfResponseFailed(ErrorHandler.java:158)
	at org.openqa.selenium.remote.RemoteWebDriver.execute(RemoteWebDriver.java:678)
	at org.openqa.selenium.remote.RemoteWebDriver.findElement(RemoteWebDriver.java:363)
	at org.openqa.selenium.remote.RemoteWebDriver.findElementByXPath(RemoteWebDriver.java:500)
	at org.openqa.selenium.By$ByXPath.findElement(By.java:361)
	at org.openqa.selenium.remote.RemoteWebDriver.findElement(RemoteWebDriver.java:355)
	at com.arc.driver.CommonMethod.findElement(CommonMethod.java:85)
	at com.arc.driver.CommonMethod.clear(CommonMethod.java:185)
	at com.arc.ReusableMethods.ReusableMethodsManage.editProjectDetails(ReusableMethodsManage.java:204)
	at com.arc.testcases.MyCities.LEEDforCities.EditProjectDetailsTest.editProjectDetails(EditProjectDetailsTest.java:36)
... Removed 28 stack frames]]>
    </failure>
  </testcase> <!-- editProjectDetails -->
  <testcase name="projectDetailsVerification" time="0.0" classname="com.arc.testcases.MyCities.LEEDforCities.ProjectDetailsVerificationTest">
    <skipped/>
  </testcase> <!-- projectDetailsVerification -->
  <testcase name="addTeamMember" time="36.188" classname="com.arc.testcases.MyCities.LEEDforCities.AddTeamMemberTest"/>
  <testcase name="verifyAgreementFileDownload" time="17.77" classname="com.arc.testcases.MyCities.LEEDforCities.VerifyAgreementFileDownloadTest">
    <failure type="java.lang.Error" message="Welcome Text is not correct expected [My Cities] but found [My Projects]">
      <![CDATA[java.lang.Error: Welcome Text is not correct expected [My Cities] but found [My Projects]
	at com.arc.driver.CommonMethod.assertEqualsmessage(CommonMethod.java:226)
	at com.arc.ReusableMethods.ReusableMethodsLogin.assertPostLoginText(ReusableMethodsLogin.java:51)
	at com.arc.ReusableMethods.ReusableMethodsLogin.LoginToArc(ReusableMethodsLogin.java:111)
	at com.arc.testcases.MyCities.LEEDforCities.VerifyAgreementFileDownloadTest.verifyAgreementFileDownload(VerifyAgreementFileDownloadTest.java:34)
... Removed 28 stack frames]]>
    </failure>
  </testcase> <!-- verifyAgreementFileDownload -->
</testsuite> <!-- ARCRegressionTest-City-LEED -->
