<?xml version="1.0" encoding="UTF-8"?>
<!-- Generated by org.testng.reporters.JUnitXMLReporter -->
<testsuite hostname="G10GNLT049" name="ARCRegressionTest-City-None" tests="13" failures="2" timestamp="15 Nov 2017 07:53:58 GMT" time="1178.286" errors="0">
  <testcase name="loginCase" time="42.685" classname="com.arc.testcases.MyCities.None.LoginCaseTest"/>
  <testcase name="searchProgram" time="52.418" classname="com.arc.testcases.MyCities.None.SearchProgramTest"/>
  <testcase name="addNewProject" time="70.433" classname="com.arc.testcases.MyCities.None.AddNewProjectTest"/>
  <testcase name="clickSearchedProgram" time="28.93" classname="com.arc.testcases.MyCities.None.ClickSearchedProgramTest"/>
  <testcase name="paymentbyCC" time="114.079" classname="com.arc.testcases.MyCities.None.PaymentbyCCTest"/>
  <testcase name="prerequisitesAttempt" time="107.669" classname="com.arc.testcases.MyCities.None.PrerequisitesAttemptTest">
    <failure type="java.lang.Error" message="Unable to locate element: {&amp;quot;method&amp;quot;:&amp;quot;id&amp;quot;,&amp;quot;selector&amp;quot;:&amp;quot;ca_prerequisites&amp;quot;}
Command duration or timeout: 60.17 seconds
For documentation on this error, please visit: http://seleniumhq.org/exceptions/no_such_element.html
Build info: version: &amp;apos;2.53.1&amp;apos;, revision: &amp;apos;a36b8b1cd5757287168e54b817830adce9b0158d&amp;apos;, time: &amp;apos;2016-06-30 19:26:09&amp;apos;
System info: host: &amp;apos;G10GNLT049&amp;apos;, ip: &amp;apos;172.18.0.227&amp;apos;, os.name: &amp;apos;Windows 10&amp;apos;, os.arch: &amp;apos;amd64&amp;apos;, os.version: &amp;apos;10.0&amp;apos;, java.version: &amp;apos;1.8.0_151&amp;apos;
Driver info: org.openqa.selenium.firefox.FirefoxDriver
Capabilities [{applicationCacheEnabled=true, rotatable=false, handlesAlerts=true, databaseEnabled=true, version=32.0.2, platform=WINDOWS, nativeEvents=false, acceptSslCerts=true, webStorageEnabled=true, locationContextEnabled=true, browserName=firefox, takesScreenshot=true, javascriptEnabled=true, cssSelectorsEnabled=true}]
Session ID: 6f24a7dd-d6b8-477c-baee-963c7dea08c4
*** Element info: {Using=id, value=ca_prerequisites}">
      <![CDATA[java.lang.Error: Unable to locate element: {"method":"id","selector":"ca_prerequisites"}
Command duration or timeout: 60.17 seconds
For documentation on this error, please visit: http://seleniumhq.org/exceptions/no_such_element.html
Build info: version: '2.53.1', revision: 'a36b8b1cd5757287168e54b817830adce9b0158d', time: '2016-06-30 19:26:09'
System info: host: 'G10GNLT049', ip: '172.18.0.227', os.name: 'Windows 10', os.arch: 'amd64', os.version: '10.0', java.version: '1.8.0_151'
Driver info: org.openqa.selenium.firefox.FirefoxDriver
Capabilities [{applicationCacheEnabled=true, rotatable=false, handlesAlerts=true, databaseEnabled=true, version=32.0.2, platform=WINDOWS, nativeEvents=false, acceptSslCerts=true, webStorageEnabled=true, locationContextEnabled=true, browserName=firefox, takesScreenshot=true, javascriptEnabled=true, cssSelectorsEnabled=true}]
Session ID: 6f24a7dd-d6b8-477c-baee-963c7dea08c4
*** Element info: {Using=id, value=ca_prerequisites}
	at org.openqa.selenium.remote.ErrorHandler.createThrowable(ErrorHandler.java:206)
	at org.openqa.selenium.remote.ErrorHandler.throwIfResponseFailed(ErrorHandler.java:158)
	at org.openqa.selenium.remote.RemoteWebDriver.execute(RemoteWebDriver.java:678)
	at org.openqa.selenium.remote.RemoteWebDriver.findElement(RemoteWebDriver.java:363)
	at org.openqa.selenium.remote.RemoteWebDriver.findElementById(RemoteWebDriver.java:413)
	at org.openqa.selenium.By$ById.findElement(By.java:218)
	at org.openqa.selenium.remote.RemoteWebDriver.findElement(RemoteWebDriver.java:355)
	at com.arc.driver.CommonMethod.findElement(CommonMethod.java:81)
	at com.arc.driver.CommonMethod.click(CommonMethod.java:164)
	at com.arc.ReusableMethods.ReusableMethodsPrerequisites.ClickPrerequisites(ReusableMethodsPrerequisites.java:75)
	at com.arc.ReusableMethods.ReusableMethodsPrerequisites.PrereqAttempt(ReusableMethodsPrerequisites.java:15)
	at com.arc.testcases.MyCities.None.PrerequisitesAttemptTest.prerequisitesAttempt(PrerequisitesAttemptTest.java:37)
... Removed 28 stack frames]]>
    </failure>
  </testcase> <!-- prerequisitesAttempt -->
  <testcase name="projectFieldVerification" time="75.398" classname="com.arc.testcases.MyCities.None.ProjectFieldVerificationTest"/>
  <testcase name="editProjectDetails" time="132.943" classname="com.arc.testcases.MyCities.None.EditProjectDetailsTest">
    <failure type="java.lang.Error" message="Unable to locate element: {&amp;quot;method&amp;quot;:&amp;quot;xpath&amp;quot;,&amp;quot;selector&amp;quot;:&amp;quot;.//*[@ng-model=&amp;apos;projectInfo.operating_hours&amp;apos;]&amp;quot;}
Command duration or timeout: 61.82 seconds
For documentation on this error, please visit: http://seleniumhq.org/exceptions/no_such_element.html
Build info: version: &amp;apos;2.53.1&amp;apos;, revision: &amp;apos;a36b8b1cd5757287168e54b817830adce9b0158d&amp;apos;, time: &amp;apos;2016-06-30 19:26:09&amp;apos;
System info: host: &amp;apos;G10GNLT049&amp;apos;, ip: &amp;apos;172.18.0.227&amp;apos;, os.name: &amp;apos;Windows 10&amp;apos;, os.arch: &amp;apos;amd64&amp;apos;, os.version: &amp;apos;10.0&amp;apos;, java.version: &amp;apos;1.8.0_151&amp;apos;
Driver info: org.openqa.selenium.firefox.FirefoxDriver
Capabilities [{applicationCacheEnabled=true, rotatable=false, handlesAlerts=true, databaseEnabled=true, version=32.0.2, platform=WINDOWS, nativeEvents=false, acceptSslCerts=true, webStorageEnabled=true, locationContextEnabled=true, browserName=firefox, takesScreenshot=true, javascriptEnabled=true, cssSelectorsEnabled=true}]
Session ID: c810009f-d5bf-4c9d-8a10-2f7043ef4f52
*** Element info: {Using=xpath, value=.//*[@ng-model=&amp;apos;projectInfo.operating_hours&amp;apos;]}">
      <![CDATA[java.lang.Error: Unable to locate element: {"method":"xpath","selector":".//*[@ng-model='projectInfo.operating_hours']"}
Command duration or timeout: 61.82 seconds
For documentation on this error, please visit: http://seleniumhq.org/exceptions/no_such_element.html
Build info: version: '2.53.1', revision: 'a36b8b1cd5757287168e54b817830adce9b0158d', time: '2016-06-30 19:26:09'
System info: host: 'G10GNLT049', ip: '172.18.0.227', os.name: 'Windows 10', os.arch: 'amd64', os.version: '10.0', java.version: '1.8.0_151'
Driver info: org.openqa.selenium.firefox.FirefoxDriver
Capabilities [{applicationCacheEnabled=true, rotatable=false, handlesAlerts=true, databaseEnabled=true, version=32.0.2, platform=WINDOWS, nativeEvents=false, acceptSslCerts=true, webStorageEnabled=true, locationContextEnabled=true, browserName=firefox, takesScreenshot=true, javascriptEnabled=true, cssSelectorsEnabled=true}]
Session ID: c810009f-d5bf-4c9d-8a10-2f7043ef4f52
*** Element info: {Using=xpath, value=.//*[@ng-model='projectInfo.operating_hours']}
	at org.openqa.selenium.remote.ErrorHandler.createThrowable(ErrorHandler.java:206)
	at org.openqa.selenium.remote.ErrorHandler.throwIfResponseFailed(ErrorHandler.java:158)
	at org.openqa.selenium.remote.RemoteWebDriver.execute(RemoteWebDriver.java:678)
	at org.openqa.selenium.remote.RemoteWebDriver.findElement(RemoteWebDriver.java:363)
	at org.openqa.selenium.remote.RemoteWebDriver.findElementByXPath(RemoteWebDriver.java:500)
	at org.openqa.selenium.By$ByXPath.findElement(By.java:361)
	at org.openqa.selenium.remote.RemoteWebDriver.findElement(RemoteWebDriver.java:355)
	at com.arc.driver.CommonMethod.findElement(CommonMethod.java:85)
	at com.arc.driver.CommonMethod.clear(CommonMethod.java:185)
	at com.arc.ReusableMethods.ReusableMethodsManage.editProjectDetails(ReusableMethodsManage.java:204)
	at com.arc.testcases.MyCities.None.EditProjectDetailsTest.editProjectDetails(EditProjectDetailsTest.java:37)
... Removed 28 stack frames]]>
    </failure>
  </testcase> <!-- editProjectDetails -->
  <testcase name="projectDetailsVerification" time="0.0" classname="com.arc.testcases.MyCities.None.ProjectDetailsVerificationTest">
    <skipped/>
  </testcase> <!-- projectDetailsVerification -->
  <testcase name="addTeamMember" time="83.441" classname="com.arc.testcases.MyCities.None.AddTeamMemberTest"/>
  <testcase name="verifyAgreementFileDownload" time="60.113" classname="com.arc.testcases.MyCities.None.VerifyAgreementFileDownloadTest"/>
  <testcase name="installAllApps" time="53.451" classname="com.arc.testcases.MyCities.None.InstallAllAppsTest"/>
  <testcase name="billingDateVerificationTest" time="39.169" classname="com.arc.testcases.MyCities.None.BillingDateVerificationTest"/>
</testsuite> <!-- ARCRegressionTest-City-None -->
