<?xml version="1.0" encoding="UTF-8"?>
<!-- Generated by org.testng.reporters.JUnitXMLReporter -->
<testsuite hostname="G10GNLT041" name="ARCRegressionTest-City-Other" tests="13" failures="2" timestamp="15 Nov 2017 11:00:03 GMT" time="857.062" errors="0">
  <testcase name="loginCase" time="21.733" classname="com.arc.testcases.MyCities.Other.LoginCaseTest"/>
  <testcase name="searchProgram" time="23.042" classname="com.arc.testcases.MyCities.Other.SearchProgramTest"/>
  <testcase name="addNewProject" time="55.319" classname="com.arc.testcases.MyCities.Other.AddNewProjectTest"/>
  <testcase name="clickSearchedProgram" time="31.358" classname="com.arc.testcases.MyCities.Other.ClickSearchedProgramTest"/>
  <testcase name="paymentbyCC" time="58.848" classname="com.arc.testcases.MyCities.Other.PaymentbyCCTest"/>
  <testcase name="prerequisitesAttempt" time="95.803" classname="com.arc.testcases.MyCities.Other.PrerequisitesAttemptTest">
    <failure type="java.lang.Error" message="Unable to locate element: {&amp;quot;method&amp;quot;:&amp;quot;id&amp;quot;,&amp;quot;selector&amp;quot;:&amp;quot;ca_prerequisites&amp;quot;}
Command duration or timeout: 60.12 seconds
For documentation on this error, please visit: http://seleniumhq.org/exceptions/no_such_element.html
Build info: version: &amp;apos;2.53.1&amp;apos;, revision: &amp;apos;a36b8b1cd5757287168e54b817830adce9b0158d&amp;apos;, time: &amp;apos;2016-06-30 19:26:09&amp;apos;
System info: host: &amp;apos;G10GNLT041&amp;apos;, ip: &amp;apos;172.18.0.18&amp;apos;, os.name: &amp;apos;Windows 7&amp;apos;, os.arch: &amp;apos;amd64&amp;apos;, os.version: &amp;apos;6.1&amp;apos;, java.version: &amp;apos;1.7.0_51&amp;apos;
*** Element info: {Using=id, value=ca_prerequisites}
Session ID: 62425116-19de-4e4b-ab37-679678043566
Driver info: org.openqa.selenium.firefox.FirefoxDriver
Capabilities [{platform=WINDOWS, acceptSslCerts=true, javascriptEnabled=true, cssSelectorsEnabled=true, databaseEnabled=true, browserName=firefox, handlesAlerts=true, nativeEvents=false, webStorageEnabled=true, rotatable=false, locationContextEnabled=true, applicationCacheEnabled=true, takesScreenshot=true, version=46.0}]">
      <![CDATA[java.lang.Error: Unable to locate element: {"method":"id","selector":"ca_prerequisites"}
Command duration or timeout: 60.12 seconds
For documentation on this error, please visit: http://seleniumhq.org/exceptions/no_such_element.html
Build info: version: '2.53.1', revision: 'a36b8b1cd5757287168e54b817830adce9b0158d', time: '2016-06-30 19:26:09'
System info: host: 'G10GNLT041', ip: '172.18.0.18', os.name: 'Windows 7', os.arch: 'amd64', os.version: '6.1', java.version: '1.7.0_51'
*** Element info: {Using=id, value=ca_prerequisites}
Session ID: 62425116-19de-4e4b-ab37-679678043566
Driver info: org.openqa.selenium.firefox.FirefoxDriver
Capabilities [{platform=WINDOWS, acceptSslCerts=true, javascriptEnabled=true, cssSelectorsEnabled=true, databaseEnabled=true, browserName=firefox, handlesAlerts=true, nativeEvents=false, webStorageEnabled=true, rotatable=false, locationContextEnabled=true, applicationCacheEnabled=true, takesScreenshot=true, version=46.0}]
	at org.openqa.selenium.remote.ErrorHandler.createThrowable(ErrorHandler.java:206)
	at org.openqa.selenium.remote.ErrorHandler.throwIfResponseFailed(ErrorHandler.java:158)
	at org.openqa.selenium.remote.RemoteWebDriver.execute(RemoteWebDriver.java:678)
	at org.openqa.selenium.remote.RemoteWebDriver.findElement(RemoteWebDriver.java:363)
	at org.openqa.selenium.remote.RemoteWebDriver.findElementById(RemoteWebDriver.java:413)
	at org.openqa.selenium.By$ById.findElement(By.java:218)
	at org.openqa.selenium.remote.RemoteWebDriver.findElement(RemoteWebDriver.java:355)
	at com.arc.driver.CommonMethod.findElement(CommonMethod.java:81)
	at com.arc.driver.CommonMethod.click(CommonMethod.java:164)
	at com.arc.ReusableMethods.ReusableMethodsPrerequisites.ClickPrerequisites(ReusableMethodsPrerequisites.java:75)
	at com.arc.ReusableMethods.ReusableMethodsPrerequisites.PrereqAttempt(ReusableMethodsPrerequisites.java:15)
	at com.arc.testcases.MyCities.Other.PrerequisitesAttemptTest.prerequisitesAttempt(PrerequisitesAttemptTest.java:37)
... Removed 28 stack frames]]>
    </failure>
  </testcase> <!-- prerequisitesAttempt -->
  <testcase name="projectFieldVerification" time="40.596" classname="com.arc.testcases.MyCities.Other.ProjectFieldVerificationTest"/>
  <testcase name="editProjectDetails" time="97.057" classname="com.arc.testcases.MyCities.Other.EditProjectDetailsTest">
    <failure type="java.lang.Error" message="Unable to locate element: {&amp;quot;method&amp;quot;:&amp;quot;xpath&amp;quot;,&amp;quot;selector&amp;quot;:&amp;quot;.//*[@ng-model=&amp;apos;projectInfo.operating_hours&amp;apos;]&amp;quot;}
Command duration or timeout: 61.93 seconds
For documentation on this error, please visit: http://seleniumhq.org/exceptions/no_such_element.html
Build info: version: &amp;apos;2.53.1&amp;apos;, revision: &amp;apos;a36b8b1cd5757287168e54b817830adce9b0158d&amp;apos;, time: &amp;apos;2016-06-30 19:26:09&amp;apos;
System info: host: &amp;apos;G10GNLT041&amp;apos;, ip: &amp;apos;172.18.0.18&amp;apos;, os.name: &amp;apos;Windows 7&amp;apos;, os.arch: &amp;apos;amd64&amp;apos;, os.version: &amp;apos;6.1&amp;apos;, java.version: &amp;apos;1.7.0_51&amp;apos;
*** Element info: {Using=xpath, value=.//*[@ng-model=&amp;apos;projectInfo.operating_hours&amp;apos;]}
Session ID: 5175298d-1dc2-4d8b-9044-ea32e86f24ee
Driver info: org.openqa.selenium.firefox.FirefoxDriver
Capabilities [{platform=WINDOWS, acceptSslCerts=true, javascriptEnabled=true, cssSelectorsEnabled=true, databaseEnabled=true, browserName=firefox, handlesAlerts=true, nativeEvents=false, webStorageEnabled=true, rotatable=false, locationContextEnabled=true, applicationCacheEnabled=true, takesScreenshot=true, version=46.0}]">
      <![CDATA[java.lang.Error: Unable to locate element: {"method":"xpath","selector":".//*[@ng-model='projectInfo.operating_hours']"}
Command duration or timeout: 61.93 seconds
For documentation on this error, please visit: http://seleniumhq.org/exceptions/no_such_element.html
Build info: version: '2.53.1', revision: 'a36b8b1cd5757287168e54b817830adce9b0158d', time: '2016-06-30 19:26:09'
System info: host: 'G10GNLT041', ip: '172.18.0.18', os.name: 'Windows 7', os.arch: 'amd64', os.version: '6.1', java.version: '1.7.0_51'
*** Element info: {Using=xpath, value=.//*[@ng-model='projectInfo.operating_hours']}
Session ID: 5175298d-1dc2-4d8b-9044-ea32e86f24ee
Driver info: org.openqa.selenium.firefox.FirefoxDriver
Capabilities [{platform=WINDOWS, acceptSslCerts=true, javascriptEnabled=true, cssSelectorsEnabled=true, databaseEnabled=true, browserName=firefox, handlesAlerts=true, nativeEvents=false, webStorageEnabled=true, rotatable=false, locationContextEnabled=true, applicationCacheEnabled=true, takesScreenshot=true, version=46.0}]
	at org.openqa.selenium.remote.ErrorHandler.createThrowable(ErrorHandler.java:206)
	at org.openqa.selenium.remote.ErrorHandler.throwIfResponseFailed(ErrorHandler.java:158)
	at org.openqa.selenium.remote.RemoteWebDriver.execute(RemoteWebDriver.java:678)
	at org.openqa.selenium.remote.RemoteWebDriver.findElement(RemoteWebDriver.java:363)
	at org.openqa.selenium.remote.RemoteWebDriver.findElementByXPath(RemoteWebDriver.java:500)
	at org.openqa.selenium.By$ByXPath.findElement(By.java:361)
	at org.openqa.selenium.remote.RemoteWebDriver.findElement(RemoteWebDriver.java:355)
	at com.arc.driver.CommonMethod.findElement(CommonMethod.java:85)
	at com.arc.driver.CommonMethod.clear(CommonMethod.java:185)
	at com.arc.ReusableMethods.ReusableMethodsManage.editProjectDetails(ReusableMethodsManage.java:246)
	at com.arc.testcases.MyCities.Other.EditProjectDetailsTest.editProjectDetails(EditProjectDetailsTest.java:35)
... Removed 28 stack frames]]>
    </failure>
  </testcase> <!-- editProjectDetails -->
  <testcase name="projectDetailsVerification" time="0.0" classname="com.arc.testcases.MyCities.Other.ProjectDetailsVerificationTest">
    <skipped/>
  </testcase> <!-- projectDetailsVerification -->
  <testcase name="addTeamMember" time="41.678" classname="com.arc.testcases.MyCities.Other.AddTeamMemberTest"/>
  <testcase name="verifyAgreementFileDownload" time="48.64" classname="com.arc.testcases.MyCities.Other.VerifyAgreementFileDownloadTest"/>
  <testcase name="installAllApps" time="46.909" classname="com.arc.testcases.MyCities.Other.InstallAllAppsTest"/>
  <testcase name="billingDateVerification" time="34.564" classname="com.arc.testcases.MyCities.Other.BillingDateVerificationTest"/>
</testsuite> <!-- ARCRegressionTest-City-Other -->
