<?xml version="1.0" encoding="UTF-8"?>
<!-- Generated by org.testng.reporters.JUnitXMLReporter -->
<testsuite hostname="G10GNLT041" name="ARCRegressionTest-Building-None" tests="26" failures="2" timestamp="13 Nov 2017 08:22:18 GMT" time="1782.886" errors="0">
  <testcase name="@AfterClass end" time="0.0" classname="com.arc.testcases.MyBuildings.None.PaymentbyCheckTest">
    <failure type="org.openqa.selenium.remote.UnreachableBrowserException" message="Error communicating with the remote browser. It may have died.
Build info: version: &amp;apos;2.53.1&amp;apos;, revision: &amp;apos;a36b8b1cd5757287168e54b817830adce9b0158d&amp;apos;, time: &amp;apos;2016-06-30 19:26:09&amp;apos;
System info: host: &amp;apos;G10GNLT041&amp;apos;, ip: &amp;apos;172.18.0.18&amp;apos;, os.name: &amp;apos;Windows 7&amp;apos;, os.arch: &amp;apos;amd64&amp;apos;, os.version: &amp;apos;6.1&amp;apos;, java.version: &amp;apos;1.7.0_51&amp;apos;
Driver info: driver.version: RemoteWebDriver
Session ID: b4f7e537-6996-4cd4-a04b-d99afa1fca50
Capabilities [{platform=WINDOWS, acceptSslCerts=true, javascriptEnabled=true, cssSelectorsEnabled=true, databaseEnabled=true, browserName=firefox, handlesAlerts=true, nativeEvents=false, webStorageEnabled=true, rotatable=false, locationContextEnabled=true, applicationCacheEnabled=true, takesScreenshot=true, version=46.0}]">
      <![CDATA[org.openqa.selenium.remote.UnreachableBrowserException: Error communicating with the remote browser. It may have died.
Build info: version: '2.53.1', revision: 'a36b8b1cd5757287168e54b817830adce9b0158d', time: '2016-06-30 19:26:09'
System info: host: 'G10GNLT041', ip: '172.18.0.18', os.name: 'Windows 7', os.arch: 'amd64', os.version: '6.1', java.version: '1.7.0_51'
Driver info: driver.version: RemoteWebDriver
Session ID: b4f7e537-6996-4cd4-a04b-d99afa1fca50
Capabilities [{platform=WINDOWS, acceptSslCerts=true, javascriptEnabled=true, cssSelectorsEnabled=true, databaseEnabled=true, browserName=firefox, handlesAlerts=true, nativeEvents=false, webStorageEnabled=true, rotatable=false, locationContextEnabled=true, applicationCacheEnabled=true, takesScreenshot=true, version=46.0}]
	at org.openqa.selenium.remote.RemoteWebDriver.execute(RemoteWebDriver.java:665)
	at org.openqa.selenium.remote.RemoteWebDriver.execute(RemoteWebDriver.java:701)
	at org.openqa.selenium.remote.RemoteWebDriver.quit(RemoteWebDriver.java:526)
	at com.arc.driver.BaseClass.end(BaseClass.java:191)
Caused by: org.apache.http.conn.HttpHostConnectException: Connect to 127.0.0.1:7057 [/127.0.0.1] failed: Connection refused: connect
	at org.apache.http.impl.conn.DefaultHttpClientConnectionOperator.connect(DefaultHttpClientConnectionOperator.java:151)
	at org.apache.http.impl.conn.PoolingHttpClientConnectionManager.connect(PoolingHttpClientConnectionManager.java:353)
	at org.apache.http.impl.execchain.MainClientExec.establishRoute(MainClientExec.java:380)
	at org.apache.http.impl.execchain.MainClientExec.execute(MainClientExec.java:236)
	at org.apache.http.impl.execchain.ProtocolExec.execute(ProtocolExec.java:184)
	at org.apache.http.impl.execchain.RetryExec.execute(RetryExec.java:88)
	at org.apache.http.impl.execchain.RedirectExec.execute(RedirectExec.java:110)
	at org.apache.http.impl.client.InternalHttpClient.doExecute(InternalHttpClient.java:184)
	at org.apache.http.impl.client.CloseableHttpClient.execute(CloseableHttpClient.java:71)
	at org.apache.http.impl.client.CloseableHttpClient.execute(CloseableHttpClient.java:55)
	at org.openqa.selenium.remote.internal.ApacheHttpClient.fallBackExecute(ApacheHttpClient.java:144)
	at org.openqa.selenium.remote.internal.ApacheHttpClient.execute(ApacheHttpClient.java:90)
	at org.openqa.selenium.remote.HttpCommandExecutor.execute(HttpCommandExecutor.java:142)
	at org.openqa.selenium.firefox.internal.NewProfileExtensionConnection.execute(NewProfileExtensionConnection.java:160)
	at org.openqa.selenium.firefox.FirefoxDriver$LazyCommandExecutor.execute(FirefoxDriver.java:380)
	at org.openqa.selenium.remote.RemoteWebDriver.execute(RemoteWebDriver.java:644)
	... 26 more
Caused by: java.net.ConnectException: Connection refused: connect
	at java.net.DualStackPlainSocketImpl.waitForConnect(Native Method)
	at java.net.DualStackPlainSocketImpl.socketConnect(Unknown Source)
	at java.net.AbstractPlainSocketImpl.doConnect(Unknown Source)
	at java.net.AbstractPlainSocketImpl.connectToAddress(Unknown Source)
	at java.net.AbstractPlainSocketImpl.connect(Unknown Source)
	at java.net.PlainSocketImpl.connect(Unknown Source)
	at java.net.SocksSocketImpl.connect(Unknown Source)
	at java.net.Socket.connect(Unknown Source)
	at org.apache.http.conn.socket.PlainConnectionSocketFactory.connectSocket(PlainConnectionSocketFactory.java:74)
	at org.apache.http.impl.conn.DefaultHttpClientConnectionOperator.connect(DefaultHttpClientConnectionOperator.java:134)
	... 41 more
... Removed 23 stack frames]]>
    </failure>
  </testcase> <!-- @AfterClass end -->
  <testcase name="loginCaseTest" time="27.566" classname="com.arc.testcases.MyBuildings.None.LoginCaseTest"/>
  <testcase name="clickSearchedProgramTest" time="21.342" classname="com.arc.testcases.MyBuildings.None.ClickSearchedProgramTest"/>
  <testcase name="addNewProjectTest" time="116.986" classname="com.arc.testcases.MyBuildings.None.AddNewProjectTest"/>
  <testcase name="paymentbyCCTest" time="74.568" classname="com.arc.testcases.MyBuildings.None.PaymentbyCCTest"/>
  <testcase name="billingStatusVerificationTest" time="59.066" classname="com.arc.testcases.MyBuildings.None.VerifyPRFileDownloadTest"/>
  <testcase name="energyMeterCreateTest" time="64.074" classname="com.arc.testcases.MyBuildings.None.EnergyMeterCreateTest"/>
  <testcase name="waterMeterCreateTest" time="64.52" classname="com.arc.testcases.MyBuildings.None.WaterMeterCreateTest"/>
  <testcase name="wasteMeterCreateTest" time="71.905" classname="com.arc.testcases.MyBuildings.None.WasteMeterCreateTest">
    <failure type="java.lang.Error" message="Unable to locate element: {&amp;quot;method&amp;quot;:&amp;quot;xpath&amp;quot;,&amp;quot;selector&amp;quot;:&amp;quot;//*[@class=&amp;apos;page-title ng-scope&amp;apos;]/span&amp;quot;}
Command duration or timeout: 60.34 seconds
For documentation on this error, please visit: http://seleniumhq.org/exceptions/no_such_element.html
Build info: version: &amp;apos;2.53.1&amp;apos;, revision: &amp;apos;a36b8b1cd5757287168e54b817830adce9b0158d&amp;apos;, time: &amp;apos;2016-06-30 19:26:09&amp;apos;
System info: host: &amp;apos;G10GNLT041&amp;apos;, ip: &amp;apos;172.18.0.18&amp;apos;, os.name: &amp;apos;Windows 7&amp;apos;, os.arch: &amp;apos;amd64&amp;apos;, os.version: &amp;apos;6.1&amp;apos;, java.version: &amp;apos;1.7.0_51&amp;apos;
*** Element info: {Using=xpath, value=//*[@class=&amp;apos;page-title ng-scope&amp;apos;]/span}
Session ID: 39dca2ed-2ba9-4850-babd-a5af10b28063
Driver info: org.openqa.selenium.firefox.FirefoxDriver
Capabilities [{platform=WINDOWS, acceptSslCerts=true, javascriptEnabled=true, cssSelectorsEnabled=true, databaseEnabled=true, browserName=firefox, handlesAlerts=true, nativeEvents=false, webStorageEnabled=true, rotatable=false, locationContextEnabled=true, applicationCacheEnabled=true, takesScreenshot=true, version=46.0}]">
      <![CDATA[java.lang.Error: Unable to locate element: {"method":"xpath","selector":"//*[@class='page-title ng-scope']/span"}
Command duration or timeout: 60.34 seconds
For documentation on this error, please visit: http://seleniumhq.org/exceptions/no_such_element.html
Build info: version: '2.53.1', revision: 'a36b8b1cd5757287168e54b817830adce9b0158d', time: '2016-06-30 19:26:09'
System info: host: 'G10GNLT041', ip: '172.18.0.18', os.name: 'Windows 7', os.arch: 'amd64', os.version: '6.1', java.version: '1.7.0_51'
*** Element info: {Using=xpath, value=//*[@class='page-title ng-scope']/span}
Session ID: 39dca2ed-2ba9-4850-babd-a5af10b28063
Driver info: org.openqa.selenium.firefox.FirefoxDriver
Capabilities [{platform=WINDOWS, acceptSslCerts=true, javascriptEnabled=true, cssSelectorsEnabled=true, databaseEnabled=true, browserName=firefox, handlesAlerts=true, nativeEvents=false, webStorageEnabled=true, rotatable=false, locationContextEnabled=true, applicationCacheEnabled=true, takesScreenshot=true, version=46.0}]
	at org.openqa.selenium.remote.ErrorHandler.createThrowable(ErrorHandler.java:206)
	at org.openqa.selenium.remote.ErrorHandler.throwIfResponseFailed(ErrorHandler.java:158)
	at org.openqa.selenium.remote.RemoteWebDriver.execute(RemoteWebDriver.java:678)
	at org.openqa.selenium.remote.RemoteWebDriver.findElement(RemoteWebDriver.java:363)
	at org.openqa.selenium.remote.RemoteWebDriver.findElementByXPath(RemoteWebDriver.java:500)
	at org.openqa.selenium.By$ByXPath.findElement(By.java:361)
	at org.openqa.selenium.remote.RemoteWebDriver.findElement(RemoteWebDriver.java:355)
	at com.arc.driver.CommonMethod.findElement(CommonMethod.java:81)
	at com.arc.driver.CommonMethod.getText(CommonMethod.java:170)
	at com.arc.driver.CommonMethod.assertEqualsmessage(CommonMethod.java:222)
	at com.arc.ReusableMethods.ReusableMethodsLogin.assertPostLoginText(ReusableMethodsLogin.java:51)
	at com.arc.ReusableMethods.ReusableMethodsLogin.LoginToArc(ReusableMethodsLogin.java:111)
	at com.arc.testcases.MyBuildings.None.WasteMeterCreateTest.wasteMeterCreateTest(WasteMeterCreateTest.java:33)
... Removed 28 stack frames]]>
    </failure>
  </testcase> <!-- wasteMeterCreateTest -->
  <testcase name="projectFieldVerificationTest" time="34.462" classname="com.arc.testcases.MyBuildings.None.ProjectFieldVerificationTest"/>
  <testcase name="editProjectDetailsTest" time="52.008" classname="com.arc.testcases.MyBuildings.None.EditProjectDetailsTest"/>
  <testcase name="projectDetailsVerificationTest" time="0.0" classname="com.arc.testcases.MyBuildings.None.ProjectDetailsVerificationTest">
    <skipped/>
  </testcase> <!-- projectDetailsVerificationTest -->
  <testcase name="addTeamMemberTest" time="54.288" classname="com.arc.testcases.MyBuildings.None.AddTeamMemberTest"/>
  <testcase name="editMemberRoleManagerTest" time="47.752" classname="com.arc.testcases.MyBuildings.None.EditMemberRoleManagerTest"/>
  <testcase name="verifyAgreementFileDownloadTest" time="49.543" classname="com.arc.testcases.MyBuildings.None.VerifyAgreementFileDownloadTest"/>
  <testcase name="installAllAppsTest" time="50.037" classname="com.arc.testcases.MyBuildings.None.InstallAllAppsTest"/>
  <testcase name="installAllAppsTest" time="48.659" classname="com.arc.testcases.MyBuildings.None.UnistallAllAppsTest"/>
  <testcase name="billingDateVerificationTest" time="34.343" classname="com.arc.testcases.MyBuildings.None.BillingDateVerificationTest"/>
  <testcase name="billingRegistrationAmountVerificationTest" time="32.24" classname="com.arc.testcases.MyBuildings.None.BillingRegistrationAmountVerificationTest"/>
  <testcase name="billingStatusVerificationTest" time="0.0" classname="com.arc.testcases.MyBuildings.None.BillingStatusVerificationTest">
    <skipped/>
  </testcase> <!-- billingStatusVerificationTest -->
  <testcase name="wasteMeterEditReadingTest" time="0.0" classname="com.arc.testcases.MyBuildings.None.WasteMeterEditReadingTest">
    <skipped/>
  </testcase> <!-- wasteMeterEditReadingTest -->
  <testcase name="energyFileUploadTest" time="73.653" classname="com.arc.testcases.MyBuildings.None.EnergyFileUploadTest"/>
  <testcase name="waterFileUploadTest" time="0.0" classname="com.arc.testcases.MyBuildings.None.WaterFileUploadTest">
    <skipped/>
  </testcase> <!-- waterFileUploadTest -->
  <testcase name="wasteMeterEditReadingTest" time="0.0" classname="com.arc.testcases.MyBuildings.None.WasteReadingDateOverlappingTest">
    <skipped/>
  </testcase> <!-- wasteMeterEditReadingTest -->
  <testcase name="addNewProjectTest" time="53.531" classname="com.arc.testcases.MyBuildings.None.AddNewProjectINDTest"/>
  <testcase name="paymentbyCCTest" time="76.989" classname="com.arc.testcases.MyBuildings.None.PaymentbyCheckTest">
    <failure type="java.lang.Error" message="Error communicating with the remote browser. It may have died.
Build info: version: &amp;apos;2.53.1&amp;apos;, revision: &amp;apos;a36b8b1cd5757287168e54b817830adce9b0158d&amp;apos;, time: &amp;apos;2016-06-30 19:26:09&amp;apos;
System info: host: &amp;apos;G10GNLT041&amp;apos;, ip: &amp;apos;172.18.0.18&amp;apos;, os.name: &amp;apos;Windows 7&amp;apos;, os.arch: &amp;apos;amd64&amp;apos;, os.version: &amp;apos;6.1&amp;apos;, java.version: &amp;apos;1.7.0_51&amp;apos;
Driver info: driver.version: RemoteWebDriver
Session ID: b4f7e537-6996-4cd4-a04b-d99afa1fca50
Capabilities [{platform=WINDOWS, acceptSslCerts=true, javascriptEnabled=true, cssSelectorsEnabled=true, databaseEnabled=true, browserName=firefox, handlesAlerts=true, nativeEvents=false, webStorageEnabled=true, rotatable=false, locationContextEnabled=true, applicationCacheEnabled=true, takesScreenshot=true, version=46.0}]">
      <![CDATA[java.lang.Error: Error communicating with the remote browser. It may have died.
Build info: version: '2.53.1', revision: 'a36b8b1cd5757287168e54b817830adce9b0158d', time: '2016-06-30 19:26:09'
System info: host: 'G10GNLT041', ip: '172.18.0.18', os.name: 'Windows 7', os.arch: 'amd64', os.version: '6.1', java.version: '1.7.0_51'
Driver info: driver.version: RemoteWebDriver
Session ID: b4f7e537-6996-4cd4-a04b-d99afa1fca50
Capabilities [{platform=WINDOWS, acceptSslCerts=true, javascriptEnabled=true, cssSelectorsEnabled=true, databaseEnabled=true, browserName=firefox, handlesAlerts=true, nativeEvents=false, webStorageEnabled=true, rotatable=false, locationContextEnabled=true, applicationCacheEnabled=true, takesScreenshot=true, version=46.0}]
	at org.openqa.selenium.remote.RemoteWebDriver.execute(RemoteWebDriver.java:665)
	at org.openqa.selenium.remote.RemoteWebDriver.findElement(RemoteWebDriver.java:363)
	at org.openqa.selenium.remote.RemoteWebDriver.findElementByXPath(RemoteWebDriver.java:500)
	at org.openqa.selenium.By$ByXPath.findElement(By.java:361)
	at org.openqa.selenium.remote.RemoteWebDriver.findElement(RemoteWebDriver.java:355)
	at com.arc.driver.CommonMethod.findElement(CommonMethod.java:81)
	at com.arc.driver.CommonMethod.sendKeys(CommonMethod.java:165)
	at com.arc.ReusableMethods.ReusableMethodsAddProject.PaymentbyCheck(ReusableMethodsAddProject.java:1039)
	at com.arc.testcases.MyBuildings.None.PaymentbyCheckTest.paymentbyCCTest(PaymentbyCheckTest.java:31)
... Removed 24 stack frames]]>
    </failure>
  </testcase> <!-- paymentbyCCTest -->
  <testcase name="waterFileUploadTest" time="0.005" classname="com.arc.testcases.MyBuildings.None.PerformanceScoreVerificationReviewTest">
    <skipped/>
  </testcase> <!-- waterFileUploadTest -->
</testsuite> <!-- ARCRegressionTest-Building-None -->
