<!DOCTYPE html PUBLIC "-//W3C//DTD XHTML 1.1//EN" "http://www.w3.org/TR/xhtml11/DTD/xhtml11.dtd">
<html xmlns="http://www.w3.org/1999/xhtml"><head><title>TestNG Report</title><style type="text/css">table {margin-bottom:10px;border-collapse:collapse;empty-cells:show}th,td {border:1px solid #009;padding:.25em .5em}th {vertical-align:bottom}td {vertical-align:top}table a {font-weight:bold}.stripe td {background-color: #E6EBF9}.num {text-align:right}.passedodd td {background-color: #3F3}.passedeven td {background-color: #0A0}.skippedodd td {background-color: #DDD}.skippedeven td {background-color: #CCC}.failedodd td,.attn {background-color: #F33}.failedeven td,.stripe .attn {background-color: #D00}.stacktrace {white-space:pre;font-family:monospace}.totop {font-size:85%;text-align:center;border-bottom:2px solid #000}</style></head><body><table><tr><th>Test</th><th># Passed</th><th># Skipped</th><th># Failed</th><th>Time (ms)</th><th>Included Groups</th><th>Excluded Groups</th></tr><tr><th colspan="7">SanityTestCasesSuite</th></tr><tr><td><a href="#t0">ARCRegressionTest-Building-None</a></td><td class="num">18</td><td class="num attn">6</td><td class="num attn">2</td><td class="num">1,782,886</td><td></td><td></td></tr></table><table><thead><tr><th>Class</th><th>Method</th><th>Start</th><th>Time (ms)</th></tr></thead><tbody><tr><th colspan="4">SanityTestCasesSuite</th></tr></tbody><tbody id="t0"><tr><th colspan="4">ARCRegressionTest-Building-None &#8212; failed (configuration methods)</th></tr><tr class="failedeven"><td rowspan="1">com.arc.testcases.MyBuildings.None.PaymentbyCheckTest</td><td><a href="#m0">end</a></td><td rowspan="1">1510561310260</td><td rowspan="1">0</td></tr><tr><th colspan="4">ARCRegressionTest-Building-None &#8212; failed</th></tr><tr class="failedeven"><td rowspan="1">com.arc.testcases.MyBuildings.None.PaymentbyCheckTest</td><td><a href="#m1">paymentbyCCTest</a></td><td rowspan="1">1510561233215</td><td rowspan="1">76989</td></tr><tr class="failedodd"><td rowspan="1">com.arc.testcases.MyBuildings.None.WasteMeterCreateTest</td><td><a href="#m2">wasteMeterCreateTest</a></td><td rowspan="1">1510560175445</td><td rowspan="1">71905</td></tr><tr><th colspan="4">ARCRegressionTest-Building-None &#8212; skipped</th></tr><tr class="skippedeven"><td rowspan="1">com.arc.testcases.MyBuildings.None.BillingStatusVerificationTest</td><td><a href="#m3">billingStatusVerificationTest</a></td><td rowspan="1">1510560952393</td><td rowspan="1">0</td></tr><tr class="skippedodd"><td rowspan="1">com.arc.testcases.MyBuildings.None.PerformanceScoreVerificationReviewTest</td><td><a href="#m4">waterFileUploadTest</a></td><td rowspan="1">1510561335680</td><td rowspan="1">5</td></tr><tr class="skippedeven"><td rowspan="1">com.arc.testcases.MyBuildings.None.ProjectDetailsVerificationTest</td><td><a href="#m5">projectDetailsVerificationTest</a></td><td rowspan="1">1510560410245</td><td rowspan="1">0</td></tr><tr class="skippedodd"><td rowspan="1">com.arc.testcases.MyBuildings.None.WasteMeterEditReadingTest</td><td><a href="#m6">wasteMeterEditReadingTest</a></td><td rowspan="1">1510560975908</td><td rowspan="1">0</td></tr><tr class="skippedeven"><td rowspan="1">com.arc.testcases.MyBuildings.None.WasteReadingDateOverlappingTest</td><td><a href="#m7">wasteMeterEditReadingTest</a></td><td rowspan="1">1510561129750</td><td rowspan="1">0</td></tr><tr class="skippedodd"><td rowspan="1">com.arc.testcases.MyBuildings.None.WaterFileUploadTest</td><td><a href="#m8">waterFileUploadTest</a></td><td rowspan="1">1510561101223</td><td rowspan="1">0</td></tr><tr><th colspan="4">ARCRegressionTest-Building-None &#8212; passed</th></tr><tr class="passedeven"><td rowspan="1">com.arc.testcases.MyBuildings.None.AddNewProjectINDTest</td><td><a href="#m9">addNewProjectTest</a></td><td rowspan="1">1510561154425</td><td rowspan="1">53531</td></tr><tr class="passedodd"><td rowspan="1">com.arc.testcases.MyBuildings.None.AddNewProjectTest</td><td><a href="#m10">addNewProjectTest</a></td><td rowspan="1">1510559675978</td><td rowspan="1">116986</td></tr><tr class="passedeven"><td rowspan="1">com.arc.testcases.MyBuildings.None.AddTeamMemberTest</td><td><a href="#m11">addTeamMemberTest</a></td><td rowspan="1">1510560437831</td><td rowspan="1">54288</td></tr><tr class="passedodd"><td rowspan="1">com.arc.testcases.MyBuildings.None.BillingDateVerificationTest</td><td><a href="#m12">billingDateVerificationTest</a></td><td rowspan="1">1510560836320</td><td rowspan="1">34343</td></tr><tr class="passedeven"><td rowspan="1">com.arc.testcases.MyBuildings.None.BillingRegistrationAmountVerificationTest</td><td><a href="#m13">billingRegistrationAmountVerificationTest</a></td><td rowspan="1">1510560894927</td><td rowspan="1">32240</td></tr><tr class="passedodd"><td rowspan="1">com.arc.testcases.MyBuildings.None.ClickSearchedProgramTest</td><td><a href="#m14">clickSearchedProgramTest</a></td><td rowspan="1">1510559630324</td><td rowspan="1">21342</td></tr><tr class="passedeven"><td rowspan="1">com.arc.testcases.MyBuildings.None.EditMemberRoleManagerTest</td><td><a href="#m15">editMemberRoleManagerTest</a></td><td rowspan="1">1510560535470</td><td rowspan="1">47752</td></tr><tr class="passedodd"><td rowspan="1">com.arc.testcases.MyBuildings.None.EditProjectDetailsTest</td><td><a href="#m16">editProjectDetailsTest</a></td><td rowspan="1">1510560331622</td><td rowspan="1">52008</td></tr><tr class="passedeven"><td rowspan="1">com.arc.testcases.MyBuildings.None.EnergyFileUploadTest</td><td><a href="#m17">energyFileUploadTest</a></td><td rowspan="1">1510561000818</td><td rowspan="1">73653</td></tr><tr class="passedodd"><td rowspan="1">com.arc.testcases.MyBuildings.None.EnergyMeterCreateTest</td><td><a href="#m18">energyMeterCreateTest</a></td><td rowspan="1">1510559998875</td><td rowspan="1">64074</td></tr><tr class="passedeven"><td rowspan="1">com.arc.testcases.MyBuildings.None.InstallAllAppsTest</td><td><a href="#m19">installAllAppsTest</a></td><td rowspan="1">1510560683810</td><td rowspan="1">50037</td></tr><tr class="passedodd"><td rowspan="1">com.arc.testcases.MyBuildings.None.LoginCaseTest</td><td><a href="#m20">loginCaseTest</a></td><td rowspan="1">1510559578640</td><td rowspan="1">27566</td></tr><tr class="passedeven"><td rowspan="1">com.arc.testcases.MyBuildings.None.PaymentbyCCTest</td><td><a href="#m21">paymentbyCCTest</a></td><td rowspan="1">1510559816423</td><td rowspan="1">74568</td></tr><tr class="passedodd"><td rowspan="1">com.arc.testcases.MyBuildings.None.ProjectFieldVerificationTest</td><td><a href="#m22">projectFieldVerificationTest</a></td><td rowspan="1">1510560272936</td><td rowspan="1">34462</td></tr><tr class="passedeven"><td rowspan="1">com.arc.testcases.MyBuildings.None.UnistallAllAppsTest</td><td><a href="#m23">installAllAppsTest</a></td><td rowspan="1">1510560761048</td><td rowspan="1">48659</td></tr><tr class="passedodd"><td rowspan="1">com.arc.testcases.MyBuildings.None.VerifyAgreementFileDownloadTest</td><td><a href="#m24">verifyAgreementFileDownloadTest</a></td><td rowspan="1">1510560608711</td><td rowspan="1">49543</td></tr><tr class="passedeven"><td rowspan="1">com.arc.testcases.MyBuildings.None.VerifyPRFileDownloadTest</td><td><a href="#m25">billingStatusVerificationTest</a></td><td rowspan="1">1510559914650</td><td rowspan="1">59066</td></tr><tr class="passedodd"><td rowspan="1">com.arc.testcases.MyBuildings.None.WaterMeterCreateTest</td><td><a href="#m26">waterMeterCreateTest</a></td><td rowspan="1">1510560086649</td><td rowspan="1">64520</td></tr></tbody></table><h2>ARCRegressionTest-Building-None</h2><h3 id="m0">com.arc.testcases.MyBuildings.None.PaymentbyCheckTest#end</h3><table class="result"><tr><th>Exception</th></tr><tr><td><div class="stacktrace">org.openqa.selenium.remote.UnreachableBrowserException: Error communicating with the remote browser. It may have died.
Build info: version: &apos;2.53.1&apos;, revision: &apos;a36b8b1cd5757287168e54b817830adce9b0158d&apos;, time: &apos;2016-06-30 19:26:09&apos;
System info: host: &apos;G10GNLT041&apos;, ip: &apos;172.18.0.18&apos;, os.name: &apos;Windows 7&apos;, os.arch: &apos;amd64&apos;, os.version: &apos;6.1&apos;, java.version: &apos;1.7.0_51&apos;
Driver info: driver.version: RemoteWebDriver
Session ID: b4f7e537-6996-4cd4-a04b-d99afa1fca50
Capabilities [{platform=WINDOWS, acceptSslCerts=true, javascriptEnabled=true, cssSelectorsEnabled=true, databaseEnabled=true, browserName=firefox, handlesAlerts=true, nativeEvents=false, webStorageEnabled=true, rotatable=false, locationContextEnabled=true, applicationCacheEnabled=true, takesScreenshot=true, version=46.0}]
	at org.openqa.selenium.remote.RemoteWebDriver.execute(RemoteWebDriver.java:665)
	at org.openqa.selenium.remote.RemoteWebDriver.execute(RemoteWebDriver.java:701)
	at org.openqa.selenium.remote.RemoteWebDriver.quit(RemoteWebDriver.java:526)
	at com.arc.driver.BaseClass.end(BaseClass.java:191)
Caused by: org.apache.http.conn.HttpHostConnectException: Connect to 127.0.0.1:7057 [/127.0.0.1] failed: Connection refused: connect
	at org.apache.http.impl.conn.DefaultHttpClientConnectionOperator.connect(DefaultHttpClientConnectionOperator.java:151)
	at org.apache.http.impl.conn.PoolingHttpClientConnectionManager.connect(PoolingHttpClientConnectionManager.java:353)
	at org.apache.http.impl.execchain.MainClientExec.establishRoute(MainClientExec.java:380)
	at org.apache.http.impl.execchain.MainClientExec.execute(MainClientExec.java:236)
	at org.apache.http.impl.execchain.ProtocolExec.execute(ProtocolExec.java:184)
	at org.apache.http.impl.execchain.RetryExec.execute(RetryExec.java:88)
	at org.apache.http.impl.execchain.RedirectExec.execute(RedirectExec.java:110)
	at org.apache.http.impl.client.InternalHttpClient.doExecute(InternalHttpClient.java:184)
	at org.apache.http.impl.client.CloseableHttpClient.execute(CloseableHttpClient.java:71)
	at org.apache.http.impl.client.CloseableHttpClient.execute(CloseableHttpClient.java:55)
	at org.openqa.selenium.remote.internal.ApacheHttpClient.fallBackExecute(ApacheHttpClient.java:144)
	at org.openqa.selenium.remote.internal.ApacheHttpClient.execute(ApacheHttpClient.java:90)
	at org.openqa.selenium.remote.HttpCommandExecutor.execute(HttpCommandExecutor.java:142)
	at org.openqa.selenium.firefox.internal.NewProfileExtensionConnection.execute(NewProfileExtensionConnection.java:160)
	at org.openqa.selenium.firefox.FirefoxDriver$LazyCommandExecutor.execute(FirefoxDriver.java:380)
	at org.openqa.selenium.remote.RemoteWebDriver.execute(RemoteWebDriver.java:644)
	... 26 more
Caused by: java.net.ConnectException: Connection refused: connect
	at java.net.DualStackPlainSocketImpl.waitForConnect(Native Method)
	at java.net.DualStackPlainSocketImpl.socketConnect(Unknown Source)
	at java.net.AbstractPlainSocketImpl.doConnect(Unknown Source)
	at java.net.AbstractPlainSocketImpl.connectToAddress(Unknown Source)
	at java.net.AbstractPlainSocketImpl.connect(Unknown Source)
	at java.net.PlainSocketImpl.connect(Unknown Source)
	at java.net.SocksSocketImpl.connect(Unknown Source)
	at java.net.Socket.connect(Unknown Source)
	at org.apache.http.conn.socket.PlainConnectionSocketFactory.connectSocket(PlainConnectionSocketFactory.java:74)
	at org.apache.http.impl.conn.DefaultHttpClientConnectionOperator.connect(DefaultHttpClientConnectionOperator.java:134)
	... 41 more
... Removed 23 stack frames</div></td></tr></table><p class="totop"><a href="#summary">back to summary</a></p><h3 id="m1">com.arc.testcases.MyBuildings.None.PaymentbyCheckTest#paymentbyCCTest</h3><table class="result"><tr class="param"><th>Parameter #1</th><th>Parameter #2</th><th>Parameter #3</th><th>Parameter #4</th></tr><tr class="param stripe"><td>6</td><td>NewBuildingProject</td><td>Login</td><td>Payment</td></tr><tr><th colspan="4">Exception</th></tr><tr><td colspan="4"><div class="stacktrace">java.lang.Error: Error communicating with the remote browser. It may have died.
Build info: version: &apos;2.53.1&apos;, revision: &apos;a36b8b1cd5757287168e54b817830adce9b0158d&apos;, time: &apos;2016-06-30 19:26:09&apos;
System info: host: &apos;G10GNLT041&apos;, ip: &apos;172.18.0.18&apos;, os.name: &apos;Windows 7&apos;, os.arch: &apos;amd64&apos;, os.version: &apos;6.1&apos;, java.version: &apos;1.7.0_51&apos;
Driver info: driver.version: RemoteWebDriver
Session ID: b4f7e537-6996-4cd4-a04b-d99afa1fca50
Capabilities [{platform=WINDOWS, acceptSslCerts=true, javascriptEnabled=true, cssSelectorsEnabled=true, databaseEnabled=true, browserName=firefox, handlesAlerts=true, nativeEvents=false, webStorageEnabled=true, rotatable=false, locationContextEnabled=true, applicationCacheEnabled=true, takesScreenshot=true, version=46.0}]
	at org.openqa.selenium.remote.RemoteWebDriver.execute(RemoteWebDriver.java:665)
	at org.openqa.selenium.remote.RemoteWebDriver.findElement(RemoteWebDriver.java:363)
	at org.openqa.selenium.remote.RemoteWebDriver.findElementByXPath(RemoteWebDriver.java:500)
	at org.openqa.selenium.By$ByXPath.findElement(By.java:361)
	at org.openqa.selenium.remote.RemoteWebDriver.findElement(RemoteWebDriver.java:355)
	at com.arc.driver.CommonMethod.findElement(CommonMethod.java:81)
	at com.arc.driver.CommonMethod.sendKeys(CommonMethod.java:165)
	at com.arc.ReusableMethods.ReusableMethodsAddProject.PaymentbyCheck(ReusableMethodsAddProject.java:1039)
	at com.arc.testcases.MyBuildings.None.PaymentbyCheckTest.paymentbyCCTest(PaymentbyCheckTest.java:31)
... Removed 24 stack frames</div></td></tr></table><p class="totop"><a href="#summary">back to summary</a></p><h3 id="m2">com.arc.testcases.MyBuildings.None.WasteMeterCreateTest#wasteMeterCreateTest</h3><table class="result"><tr class="param"><th>Parameter #1</th><th>Parameter #2</th><th>Parameter #3</th><th>Parameter #4</th></tr><tr class="param stripe"><td>6</td><td>NewBuildingProject</td><td>Login</td><td>BWaste</td></tr><tr><th colspan="4">Exception</th></tr><tr><td colspan="4"><div class="stacktrace">java.lang.Error: Unable to locate element: {&quot;method&quot;:&quot;xpath&quot;,&quot;selector&quot;:&quot;//*[@class=&apos;page-title ng-scope&apos;]/span&quot;}
Command duration or timeout: 60.34 seconds
For documentation on this error, please visit: http://seleniumhq.org/exceptions/no_such_element.html
Build info: version: &apos;2.53.1&apos;, revision: &apos;a36b8b1cd5757287168e54b817830adce9b0158d&apos;, time: &apos;2016-06-30 19:26:09&apos;
System info: host: &apos;G10GNLT041&apos;, ip: &apos;172.18.0.18&apos;, os.name: &apos;Windows 7&apos;, os.arch: &apos;amd64&apos;, os.version: &apos;6.1&apos;, java.version: &apos;1.7.0_51&apos;
*** Element info: {Using=xpath, value=//*[@class=&apos;page-title ng-scope&apos;]/span}
Session ID: 39dca2ed-2ba9-4850-babd-a5af10b28063
Driver info: org.openqa.selenium.firefox.FirefoxDriver
Capabilities [{platform=WINDOWS, acceptSslCerts=true, javascriptEnabled=true, cssSelectorsEnabled=true, databaseEnabled=true, browserName=firefox, handlesAlerts=true, nativeEvents=false, webStorageEnabled=true, rotatable=false, locationContextEnabled=true, applicationCacheEnabled=true, takesScreenshot=true, version=46.0}]
	at org.openqa.selenium.remote.ErrorHandler.createThrowable(ErrorHandler.java:206)
	at org.openqa.selenium.remote.ErrorHandler.throwIfResponseFailed(ErrorHandler.java:158)
	at org.openqa.selenium.remote.RemoteWebDriver.execute(RemoteWebDriver.java:678)
	at org.openqa.selenium.remote.RemoteWebDriver.findElement(RemoteWebDriver.java:363)
	at org.openqa.selenium.remote.RemoteWebDriver.findElementByXPath(RemoteWebDriver.java:500)
	at org.openqa.selenium.By$ByXPath.findElement(By.java:361)
	at org.openqa.selenium.remote.RemoteWebDriver.findElement(RemoteWebDriver.java:355)
	at com.arc.driver.CommonMethod.findElement(CommonMethod.java:81)
	at com.arc.driver.CommonMethod.getText(CommonMethod.java:170)
	at com.arc.driver.CommonMethod.assertEqualsmessage(CommonMethod.java:222)
	at com.arc.ReusableMethods.ReusableMethodsLogin.assertPostLoginText(ReusableMethodsLogin.java:51)
	at com.arc.ReusableMethods.ReusableMethodsLogin.LoginToArc(ReusableMethodsLogin.java:111)
	at com.arc.testcases.MyBuildings.None.WasteMeterCreateTest.wasteMeterCreateTest(WasteMeterCreateTest.java:33)
... Removed 28 stack frames</div></td></tr></table><p class="totop"><a href="#summary">back to summary</a></p><h3 id="m3">com.arc.testcases.MyBuildings.None.BillingStatusVerificationTest#billingStatusVerificationTest</h3><table class="result"><tr><th>Exception</th></tr><tr><td><div class="stacktrace">org.testng.TestNGException: 
Method billingStatusVerificationTest requires 3 parameters but 4 were supplied in the @Test annotation.
... Removed 23 stack frames</div></td></tr></table><p class="totop"><a href="#summary">back to summary</a></p><h3 id="m4">com.arc.testcases.MyBuildings.None.PerformanceScoreVerificationReviewTest#waterFileUploadTest</h3><table class="result"><tr class="param"><th>Parameter #1</th><th>Parameter #2</th><th>Parameter #3</th><th>Parameter #4</th></tr><tr class="param stripe"><td>6</td><td>NewBuildingProject</td><td>Login</td><td>Payment</td></tr></table><p class="totop"><a href="#summary">back to summary</a></p><h3 id="m5">com.arc.testcases.MyBuildings.None.ProjectDetailsVerificationTest#projectDetailsVerificationTest</h3><table class="result"><tr><th>Exception</th></tr><tr><td><div class="stacktrace">org.testng.TestNGException: 
Method projectDetailsVerificationTest requires 3 parameters but 4 were supplied in the @Test annotation.
... Removed 23 stack frames</div></td></tr></table><p class="totop"><a href="#summary">back to summary</a></p><h3 id="m6">com.arc.testcases.MyBuildings.None.WasteMeterEditReadingTest#wasteMeterEditReadingTest</h3><table class="result"><tr><th>Exception</th></tr><tr><td><div class="stacktrace">org.testng.TestNGException: 
Method wasteMeterEditReadingTest requires 3 parameters but 4 were supplied in the @Test annotation.
... Removed 23 stack frames</div></td></tr></table><p class="totop"><a href="#summary">back to summary</a></p><h3 id="m7">com.arc.testcases.MyBuildings.None.WasteReadingDateOverlappingTest#wasteMeterEditReadingTest</h3><table class="result"><tr><th>Exception</th></tr><tr><td><div class="stacktrace">org.testng.TestNGException: 
Method wasteMeterEditReadingTest requires 3 parameters but 4 were supplied in the @Test annotation.
... Removed 23 stack frames</div></td></tr></table><p class="totop"><a href="#summary">back to summary</a></p><h3 id="m8">com.arc.testcases.MyBuildings.None.WaterFileUploadTest#waterFileUploadTest</h3><table class="result"><tr><th>Exception</th></tr><tr><td><div class="stacktrace">org.testng.TestNGException: 
Method waterFileUploadTest requires 3 parameters but 4 were supplied in the @Test annotation.
... Removed 23 stack frames</div></td></tr></table><p class="totop"><a href="#summary">back to summary</a></p><h3 id="m9">com.arc.testcases.MyBuildings.None.AddNewProjectINDTest#addNewProjectTest</h3><table class="result"><tr class="param"><th>Parameter #1</th><th>Parameter #2</th></tr><tr class="param stripe"><td>6</td><td>Login</td></tr></table><p class="totop"><a href="#summary">back to summary</a></p><h3 id="m10">com.arc.testcases.MyBuildings.None.AddNewProjectTest#addNewProjectTest</h3><table class="result"><tr class="param"><th>Parameter #1</th><th>Parameter #2</th><th>Parameter #3</th></tr><tr class="param stripe"><td>6</td><td>Login</td><td>NewBuildingProject</td></tr></table><p class="totop"><a href="#summary">back to summary</a></p><h3 id="m11">com.arc.testcases.MyBuildings.None.AddTeamMemberTest#addTeamMemberTest</h3><table class="result"><tr class="param"><th>Parameter #1</th><th>Parameter #2</th><th>Parameter #3</th><th>Parameter #4</th></tr><tr class="param stripe"><td>6</td><td>NewBuildingProject</td><td>Login</td><td>BTeam</td></tr></table><p class="totop"><a href="#summary">back to summary</a></p><h3 id="m12">com.arc.testcases.MyBuildings.None.BillingDateVerificationTest#billingDateVerificationTest</h3><table class="result"><tr class="param"><th>Parameter #1</th><th>Parameter #2</th><th>Parameter #3</th></tr><tr class="param stripe"><td>6</td><td>NewBuildingProject</td><td>Login</td></tr></table><p class="totop"><a href="#summary">back to summary</a></p><h3 id="m13">com.arc.testcases.MyBuildings.None.BillingRegistrationAmountVerificationTest#billingRegistrationAmountVerificationTest</h3><table class="result"><tr class="param"><th>Parameter #1</th><th>Parameter #2</th><th>Parameter #3</th><th>Parameter #4</th></tr><tr class="param stripe"><td>6</td><td>NewBuildingProject</td><td>Login</td><td>Payment</td></tr></table><p class="totop"><a href="#summary">back to summary</a></p><h3 id="m14">com.arc.testcases.MyBuildings.None.ClickSearchedProgramTest#clickSearchedProgramTest</h3><table class="result"><tr class="param"><th>Parameter #1</th><th>Parameter #2</th><th>Parameter #3</th></tr><tr class="param stripe"><td>6</td><td>NewBuildingProject</td><td>Login</td></tr></table><p class="totop"><a href="#summary">back to summary</a></p><h3 id="m15">com.arc.testcases.MyBuildings.None.EditMemberRoleManagerTest#editMemberRoleManagerTest</h3><table class="result"><tr class="param"><th>Parameter #1</th><th>Parameter #2</th><th>Parameter #3</th></tr><tr class="param stripe"><td>6</td><td>NewBuildingProject</td><td>Login</td></tr></table><p class="totop"><a href="#summary">back to summary</a></p><h3 id="m16">com.arc.testcases.MyBuildings.None.EditProjectDetailsTest#editProjectDetailsTest</h3><table class="result"><tr class="param"><th>Parameter #1</th><th>Parameter #2</th><th>Parameter #3</th></tr><tr class="param stripe"><td>6</td><td>NewBuildingProject</td><td>Login</td></tr></table><p class="totop"><a href="#summary">back to summary</a></p><h3 id="m17">com.arc.testcases.MyBuildings.None.EnergyFileUploadTest#energyFileUploadTest</h3><table class="result"><tr class="param"><th>Parameter #1</th><th>Parameter #2</th><th>Parameter #3</th></tr><tr class="param stripe"><td>6</td><td>NewBuildingProject</td><td>Login</td></tr></table><p class="totop"><a href="#summary">back to summary</a></p><h3 id="m18">com.arc.testcases.MyBuildings.None.EnergyMeterCreateTest#energyMeterCreateTest</h3><table class="result"><tr class="param"><th>Parameter #1</th><th>Parameter #2</th><th>Parameter #3</th><th>Parameter #4</th></tr><tr class="param stripe"><td>6</td><td>NewBuildingProject</td><td>Login</td><td>BEnergy</td></tr></table><p class="totop"><a href="#summary">back to summary</a></p><h3 id="m19">com.arc.testcases.MyBuildings.None.InstallAllAppsTest#installAllAppsTest</h3><table class="result"><tr class="param"><th>Parameter #1</th><th>Parameter #2</th><th>Parameter #3</th></tr><tr class="param stripe"><td>6</td><td>NewBuildingProject</td><td>Login</td></tr></table><p class="totop"><a href="#summary">back to summary</a></p><h3 id="m20">com.arc.testcases.MyBuildings.None.LoginCaseTest#loginCaseTest</h3><table class="result"><tr class="param"><th>Parameter #1</th><th>Parameter #2</th></tr><tr class="param stripe"><td>6</td><td>Login</td></tr></table><p class="totop"><a href="#summary">back to summary</a></p><h3 id="m21">com.arc.testcases.MyBuildings.None.PaymentbyCCTest#paymentbyCCTest</h3><table class="result"><tr class="param"><th>Parameter #1</th><th>Parameter #2</th><th>Parameter #3</th><th>Parameter #4</th></tr><tr class="param stripe"><td>6</td><td>NewBuildingProject</td><td>Login</td><td>Payment</td></tr></table><p class="totop"><a href="#summary">back to summary</a></p><h3 id="m22">com.arc.testcases.MyBuildings.None.ProjectFieldVerificationTest#projectFieldVerificationTest</h3><table class="result"><tr class="param"><th>Parameter #1</th><th>Parameter #2</th><th>Parameter #3</th></tr><tr class="param stripe"><td>6</td><td>NewBuildingProject</td><td>Login</td></tr></table><p class="totop"><a href="#summary">back to summary</a></p><h3 id="m23">com.arc.testcases.MyBuildings.None.UnistallAllAppsTest#installAllAppsTest</h3><table class="result"><tr class="param"><th>Parameter #1</th><th>Parameter #2</th><th>Parameter #3</th></tr><tr class="param stripe"><td>6</td><td>NewBuildingProject</td><td>Login</td></tr></table><p class="totop"><a href="#summary">back to summary</a></p><h3 id="m24">com.arc.testcases.MyBuildings.None.VerifyAgreementFileDownloadTest#verifyAgreementFileDownloadTest</h3><table class="result"><tr class="param"><th>Parameter #1</th><th>Parameter #2</th><th>Parameter #3</th></tr><tr class="param stripe"><td>6</td><td>NewBuildingProject</td><td>Login</td></tr></table><p class="totop"><a href="#summary">back to summary</a></p><h3 id="m25">com.arc.testcases.MyBuildings.None.VerifyPRFileDownloadTest#billingStatusVerificationTest</h3><table class="result"><tr class="param"><th>Parameter #1</th><th>Parameter #2</th><th>Parameter #3</th></tr><tr class="param stripe"><td>6</td><td>NewBuildingProject</td><td>Login</td></tr></table><p class="totop"><a href="#summary">back to summary</a></p><h3 id="m26">com.arc.testcases.MyBuildings.None.WaterMeterCreateTest#waterMeterCreateTest</h3><table class="result"><tr class="param"><th>Parameter #1</th><th>Parameter #2</th><th>Parameter #3</th><th>Parameter #4</th></tr><tr class="param stripe"><td>6</td><td>NewBuildingProject</td><td>Login</td><td>BWater</td></tr></table><p class="totop"><a href="#summary">back to summary</a></p></body></html>