<!DOCTYPE html>

<html>
  <head>
  <title>TestNG reports</title>

    <link type="text/css" href="testng-reports.css" rel="stylesheet" />  
    <script type="text/javascript" src="jquery-1.7.1.min.js"></script>
    <script type="text/javascript" src="testng-reports.js"></script>
    <script type="text/javascript" src="https://www.google.com/jsapi"></script>
    <script type='text/javascript'>
      google.load('visualization', '1', {packages:['table']});
      google.setOnLoadCallback(drawTable);
      var suiteTableInitFunctions = new Array();
      var suiteTableData = new Array();
    </script>
    <!--
      <script type="text/javascript" src="jquery-ui/js/jquery-ui-1.8.16.custom.min.js"></script>
     -->
  </head>

  <body>
    <div class="top-banner-root">
      <span class="top-banner-title-font">Test results</span>
      <br/>
      <span class="top-banner-font-1">1 suite, 2 failed tests</span>
    </div> <!-- top-banner-root -->
    <div class="navigator-root">
      <div class="navigator-suite-header">
        <span>All suites</span>
        <a href="#" class="collapse-all-link" title="Collapse/expand all the suites">
          <img class="collapse-all-icon" src="collapseall.gif">
          </img> <!-- collapse-all-icon -->
        </a> <!-- collapse-all-link -->
      </div> <!-- navigator-suite-header -->
      <div class="suite">
        <div class="rounded-window">
          <div class="suite-header light-rounded-window-top">
            <a href="#" class="navigator-link" panel-name="suite-SanityTestCasesSuite">
              <span class="suite-name border-failed">SanityTestCasesSuite</span>
            </a> <!-- navigator-link -->
          </div> <!-- suite-header light-rounded-window-top -->
          <div class="navigator-suite-content">
            <div class="suite-section-title">
              <span>Info</span>
            </div> <!-- suite-section-title -->
            <div class="suite-section-content">
              <ul>
                <li>
                  <a href="#" class="navigator-link " panel-name="test-xml-SanityTestCasesSuite">
                    <span>C:\Users\group10\workspace\ARCProject\src\main\resources\testng.xml</span>
                  </a> <!-- navigator-link  -->
                </li>
                <li>
                  <a href="#" class="navigator-link " panel-name="testlist-SanityTestCasesSuite">
                    <span class="test-stats">1 test</span>
                  </a> <!-- navigator-link  -->
                </li>
                <li>
                  <a href="#" class="navigator-link " panel-name="group-SanityTestCasesSuite">
                    <span>0 groups</span>
                  </a> <!-- navigator-link  -->
                </li>
                <li>
                  <a href="#" class="navigator-link " panel-name="times-SanityTestCasesSuite">
                    <span>Times</span>
                  </a> <!-- navigator-link  -->
                </li>
                <li>
                  <a href="#" class="navigator-link " panel-name="reporter-SanityTestCasesSuite">
                    <span>Reporter output</span>
                  </a> <!-- navigator-link  -->
                </li>
                <li>
                  <a href="#" class="navigator-link " panel-name="ignored-methods-SanityTestCasesSuite">
                    <span>Ignored methods</span>
                  </a> <!-- navigator-link  -->
                </li>
                <li>
                  <a href="#" class="navigator-link " panel-name="chronological-SanityTestCasesSuite">
                    <span>Chronological view</span>
                  </a> <!-- navigator-link  -->
                </li>
              </ul>
            </div> <!-- suite-section-content -->
            <div class="result-section">
              <div class="suite-section-title">
                <span>Results</span>
              </div> <!-- suite-section-title -->
              <div class="suite-section-content">
                <ul>
                  <li>
                    <span class="method-stats">26 methods, 2 failed,  6 skipped,  18 passed</span>
                  </li>
                  <li>
                    <span class="method-list-title failed">Failed methods</span>
                    <span class="show-or-hide-methods failed">
                      <a href="#" panel-name="suite-SanityTestCasesSuite" class="hide-methods failed suite-SanityTestCasesSuite"> (hide)</a> <!-- hide-methods failed suite-SanityTestCasesSuite -->
                      <a href="#" panel-name="suite-SanityTestCasesSuite" class="show-methods failed suite-SanityTestCasesSuite"> (show)</a> <!-- show-methods failed suite-SanityTestCasesSuite -->
                    </span>
                    <div class="method-list-content failed suite-SanityTestCasesSuite">
                      <span>
                        <img width="3%" src="failed.png"/>
                        <a href="#" class="method navigator-link" panel-name="suite-SanityTestCasesSuite" title="com.arc.testcases.MyBuildings.None.PaymentbyCheckTest" hash-for-method="paymentbyCCTest(6, NewBuildingProject, Login, Payment)">paymentbyCCTest(6, NewBuildingProject, Login, Payment)</a> <!-- method navigator-link -->
                      </span>
                      <br/>
                      <span>
                        <img width="3%" src="failed.png"/>
                        <a href="#" class="method navigator-link" panel-name="suite-SanityTestCasesSuite" title="com.arc.testcases.MyBuildings.None.WasteMeterCreateTest" hash-for-method="wasteMeterCreateTest(6, NewBuildingProject, Login, BWaste)">wasteMeterCreateTest(6, NewBuildingProject, Login, BWaste)</a> <!-- method navigator-link -->
                      </span>
                      <br/>
                    </div> <!-- method-list-content failed suite-SanityTestCasesSuite -->
                  </li>
                  <li>
                    <span class="method-list-title skipped">Skipped methods</span>
                    <span class="show-or-hide-methods skipped">
                      <a href="#" panel-name="suite-SanityTestCasesSuite" class="hide-methods skipped suite-SanityTestCasesSuite"> (hide)</a> <!-- hide-methods skipped suite-SanityTestCasesSuite -->
                      <a href="#" panel-name="suite-SanityTestCasesSuite" class="show-methods skipped suite-SanityTestCasesSuite"> (show)</a> <!-- show-methods skipped suite-SanityTestCasesSuite -->
                    </span>
                    <div class="method-list-content skipped suite-SanityTestCasesSuite">
                      <span>
                        <img width="3%" src="skipped.png"/>
                        <a href="#" class="method navigator-link" panel-name="suite-SanityTestCasesSuite" title="com.arc.testcases.MyBuildings.None.BillingStatusVerificationTest" hash-for-method="billingStatusVerificationTest">billingStatusVerificationTest</a> <!-- method navigator-link -->
                      </span>
                      <br/>
                      <span>
                        <img width="3%" src="skipped.png"/>
                        <a href="#" class="method navigator-link" panel-name="suite-SanityTestCasesSuite" title="com.arc.testcases.MyBuildings.None.ProjectDetailsVerificationTest" hash-for-method="projectDetailsVerificationTest">projectDetailsVerificationTest</a> <!-- method navigator-link -->
                      </span>
                      <br/>
                      <span>
                        <img width="3%" src="skipped.png"/>
                        <a href="#" class="method navigator-link" panel-name="suite-SanityTestCasesSuite" title="com.arc.testcases.MyBuildings.None.WasteReadingDateOverlappingTest" hash-for-method="wasteMeterEditReadingTest">wasteMeterEditReadingTest</a> <!-- method navigator-link -->
                      </span>
                      <br/>
                      <span>
                        <img width="3%" src="skipped.png"/>
                        <a href="#" class="method navigator-link" panel-name="suite-SanityTestCasesSuite" title="com.arc.testcases.MyBuildings.None.WasteMeterEditReadingTest" hash-for-method="wasteMeterEditReadingTest">wasteMeterEditReadingTest</a> <!-- method navigator-link -->
                      </span>
                      <br/>
                      <span>
                        <img width="3%" src="skipped.png"/>
                        <a href="#" class="method navigator-link" panel-name="suite-SanityTestCasesSuite" title="com.arc.testcases.MyBuildings.None.PerformanceScoreVerificationReviewTest" hash-for-method="waterFileUploadTest(6, NewBuildingProject, Login, Payment)">waterFileUploadTest(6, NewBuildingProject, Login, Payment)</a> <!-- method navigator-link -->
                      </span>
                      <br/>
                      <span>
                        <img width="3%" src="skipped.png"/>
                        <a href="#" class="method navigator-link" panel-name="suite-SanityTestCasesSuite" title="com.arc.testcases.MyBuildings.None.WaterFileUploadTest" hash-for-method="waterFileUploadTest">waterFileUploadTest</a> <!-- method navigator-link -->
                      </span>
                      <br/>
                    </div> <!-- method-list-content skipped suite-SanityTestCasesSuite -->
                  </li>
                  <li>
                    <span class="method-list-title passed">Passed methods</span>
                    <span class="show-or-hide-methods passed">
                      <a href="#" panel-name="suite-SanityTestCasesSuite" class="hide-methods passed suite-SanityTestCasesSuite"> (hide)</a> <!-- hide-methods passed suite-SanityTestCasesSuite -->
                      <a href="#" panel-name="suite-SanityTestCasesSuite" class="show-methods passed suite-SanityTestCasesSuite"> (show)</a> <!-- show-methods passed suite-SanityTestCasesSuite -->
                    </span>
                    <div class="method-list-content passed suite-SanityTestCasesSuite">
                      <span>
                        <img width="3%" src="passed.png"/>
                        <a href="#" class="method navigator-link" panel-name="suite-SanityTestCasesSuite" title="com.arc.testcases.MyBuildings.None.AddNewProjectTest" hash-for-method="addNewProjectTest(6, Login, NewBuildingProject)">addNewProjectTest(6, Login, NewBuildingProject)</a> <!-- method navigator-link -->
                      </span>
                      <br/>
                      <span>
                        <img width="3%" src="passed.png"/>
                        <a href="#" class="method navigator-link" panel-name="suite-SanityTestCasesSuite" title="com.arc.testcases.MyBuildings.None.AddNewProjectINDTest" hash-for-method="addNewProjectTest(6, Login)">addNewProjectTest(6, Login)</a> <!-- method navigator-link -->
                      </span>
                      <br/>
                      <span>
                        <img width="3%" src="passed.png"/>
                        <a href="#" class="method navigator-link" panel-name="suite-SanityTestCasesSuite" title="com.arc.testcases.MyBuildings.None.AddTeamMemberTest" hash-for-method="addTeamMemberTest(6, NewBuildingProject, Login, BTeam)">addTeamMemberTest(6, NewBuildingProject, Login, BTeam)</a> <!-- method navigator-link -->
                      </span>
                      <br/>
                      <span>
                        <img width="3%" src="passed.png"/>
                        <a href="#" class="method navigator-link" panel-name="suite-SanityTestCasesSuite" title="com.arc.testcases.MyBuildings.None.BillingDateVerificationTest" hash-for-method="billingDateVerificationTest(6, NewBuildingProject, Login)">billingDateVerificationTest(6, NewBuildingProject, Login)</a> <!-- method navigator-link -->
                      </span>
                      <br/>
                      <span>
                        <img width="3%" src="passed.png"/>
                        <a href="#" class="method navigator-link" panel-name="suite-SanityTestCasesSuite" title="com.arc.testcases.MyBuildings.None.BillingRegistrationAmountVerificationTest" hash-for-method="billingRegistrationAmountVerificationTest(6, NewBuildingProject, Login, Payment)">billingRegistrationAmountVerificationTest(6, NewBuildingProject, Login, Payment)</a> <!-- method navigator-link -->
                      </span>
                      <br/>
                      <span>
                        <img width="3%" src="passed.png"/>
                        <a href="#" class="method navigator-link" panel-name="suite-SanityTestCasesSuite" title="com.arc.testcases.MyBuildings.None.VerifyPRFileDownloadTest" hash-for-method="billingStatusVerificationTest(6, NewBuildingProject, Login)">billingStatusVerificationTest(6, NewBuildingProject, Login)</a> <!-- method navigator-link -->
                      </span>
                      <br/>
                      <span>
                        <img width="3%" src="passed.png"/>
                        <a href="#" class="method navigator-link" panel-name="suite-SanityTestCasesSuite" title="com.arc.testcases.MyBuildings.None.ClickSearchedProgramTest" hash-for-method="clickSearchedProgramTest(6, NewBuildingProject, Login)">clickSearchedProgramTest(6, NewBuildingProject, Login)</a> <!-- method navigator-link -->
                      </span>
                      <br/>
                      <span>
                        <img width="3%" src="passed.png"/>
                        <a href="#" class="method navigator-link" panel-name="suite-SanityTestCasesSuite" title="com.arc.testcases.MyBuildings.None.EditMemberRoleManagerTest" hash-for-method="editMemberRoleManagerTest(6, NewBuildingProject, Login)">editMemberRoleManagerTest(6, NewBuildingProject, Login)</a> <!-- method navigator-link -->
                      </span>
                      <br/>
                      <span>
                        <img width="3%" src="passed.png"/>
                        <a href="#" class="method navigator-link" panel-name="suite-SanityTestCasesSuite" title="com.arc.testcases.MyBuildings.None.EditProjectDetailsTest" hash-for-method="editProjectDetailsTest(6, NewBuildingProject, Login)">editProjectDetailsTest(6, NewBuildingProject, Login)</a> <!-- method navigator-link -->
                      </span>
                      <br/>
                      <span>
                        <img width="3%" src="passed.png"/>
                        <a href="#" class="method navigator-link" panel-name="suite-SanityTestCasesSuite" title="com.arc.testcases.MyBuildings.None.EnergyFileUploadTest" hash-for-method="energyFileUploadTest(6, NewBuildingProject, Login)">energyFileUploadTest(6, NewBuildingProject, Login)</a> <!-- method navigator-link -->
                      </span>
                      <br/>
                      <span>
                        <img width="3%" src="passed.png"/>
                        <a href="#" class="method navigator-link" panel-name="suite-SanityTestCasesSuite" title="com.arc.testcases.MyBuildings.None.EnergyMeterCreateTest" hash-for-method="energyMeterCreateTest(6, NewBuildingProject, Login, BEnergy)">energyMeterCreateTest(6, NewBuildingProject, Login, BEnergy)</a> <!-- method navigator-link -->
                      </span>
                      <br/>
                      <span>
                        <img width="3%" src="passed.png"/>
                        <a href="#" class="method navigator-link" panel-name="suite-SanityTestCasesSuite" title="com.arc.testcases.MyBuildings.None.InstallAllAppsTest" hash-for-method="installAllAppsTest(6, NewBuildingProject, Login)">installAllAppsTest(6, NewBuildingProject, Login)</a> <!-- method navigator-link -->
                      </span>
                      <br/>
                      <span>
                        <img width="3%" src="passed.png"/>
                        <a href="#" class="method navigator-link" panel-name="suite-SanityTestCasesSuite" title="com.arc.testcases.MyBuildings.None.UnistallAllAppsTest" hash-for-method="installAllAppsTest(6, NewBuildingProject, Login)">installAllAppsTest(6, NewBuildingProject, Login)</a> <!-- method navigator-link -->
                      </span>
                      <br/>
                      <span>
                        <img width="3%" src="passed.png"/>
                        <a href="#" class="method navigator-link" panel-name="suite-SanityTestCasesSuite" title="com.arc.testcases.MyBuildings.None.LoginCaseTest" hash-for-method="loginCaseTest(6, Login)">loginCaseTest(6, Login)</a> <!-- method navigator-link -->
                      </span>
                      <br/>
                      <span>
                        <img width="3%" src="passed.png"/>
                        <a href="#" class="method navigator-link" panel-name="suite-SanityTestCasesSuite" title="com.arc.testcases.MyBuildings.None.PaymentbyCCTest" hash-for-method="paymentbyCCTest(6, NewBuildingProject, Login, Payment)">paymentbyCCTest(6, NewBuildingProject, Login, Payment)</a> <!-- method navigator-link -->
                      </span>
                      <br/>
                      <span>
                        <img width="3%" src="passed.png"/>
                        <a href="#" class="method navigator-link" panel-name="suite-SanityTestCasesSuite" title="com.arc.testcases.MyBuildings.None.ProjectFieldVerificationTest" hash-for-method="projectFieldVerificationTest(6, NewBuildingProject, Login)">projectFieldVerificationTest(6, NewBuildingProject, Login)</a> <!-- method navigator-link -->
                      </span>
                      <br/>
                      <span>
                        <img width="3%" src="passed.png"/>
                        <a href="#" class="method navigator-link" panel-name="suite-SanityTestCasesSuite" title="com.arc.testcases.MyBuildings.None.VerifyAgreementFileDownloadTest" hash-for-method="verifyAgreementFileDownloadTest(6, NewBuildingProject, Login)">verifyAgreementFileDownloadTest(6, NewBuildingProject, Login)</a> <!-- method navigator-link -->
                      </span>
                      <br/>
                      <span>
                        <img width="3%" src="passed.png"/>
                        <a href="#" class="method navigator-link" panel-name="suite-SanityTestCasesSuite" title="com.arc.testcases.MyBuildings.None.WaterMeterCreateTest" hash-for-method="waterMeterCreateTest(6, NewBuildingProject, Login, BWater)">waterMeterCreateTest(6, NewBuildingProject, Login, BWater)</a> <!-- method navigator-link -->
                      </span>
                      <br/>
                    </div> <!-- method-list-content passed suite-SanityTestCasesSuite -->
                  </li>
                </ul>
              </div> <!-- suite-section-content -->
            </div> <!-- result-section -->
          </div> <!-- navigator-suite-content -->
        </div> <!-- rounded-window -->
      </div> <!-- suite -->
    </div> <!-- navigator-root -->
    <div class="wrapper">
      <div class="main-panel-root">
        <div panel-name="suite-SanityTestCasesSuite" class="panel SanityTestCasesSuite">
          <div class="suite-SanityTestCasesSuite-class-failed">
            <div class="main-panel-header rounded-window-top">
              <img src="failed.png"/>
              <span class="class-name">com.arc.testcases.MyBuildings.None.WasteMeterCreateTest</span>
            </div> <!-- main-panel-header rounded-window-top -->
            <div class="main-panel-content rounded-window-bottom">
              <div class="method">
                <div class="method-content">
                  <a name="wasteMeterCreateTest(6, NewBuildingProject, Login, BWaste)">
                  </a> <!-- wasteMeterCreateTest(6, NewBuildingProject, Login, BWaste) -->
                  <span class="method-name">wasteMeterCreateTest</span>
                  <span class="parameters">(6, NewBuildingProject, Login, BWaste)</span>
                  <div class="stack-trace">java.lang.Error: Unable to locate element: {&quot;method&quot;:&quot;xpath&quot;,&quot;selector&quot;:&quot;//*[@class=&apos;page-title ng-scope&apos;]/span&quot;}
Command duration or timeout: 60.34 seconds
For documentation on this error, please visit: http://seleniumhq.org/exceptions/no_such_element.html
Build info: version: &apos;2.53.1&apos;, revision: &apos;a36b8b1cd5757287168e54b817830adce9b0158d&apos;, time: &apos;2016-06-30 19:26:09&apos;
System info: host: &apos;G10GNLT041&apos;, ip: &apos;172.18.0.18&apos;, os.name: &apos;Windows 7&apos;, os.arch: &apos;amd64&apos;, os.version: &apos;6.1&apos;, java.version: &apos;1.7.0_51&apos;
*** Element info: {Using=xpath, value=//*[@class=&apos;page-title ng-scope&apos;]/span}
Session ID: 39dca2ed-2ba9-4850-babd-a5af10b28063
Driver info: org.openqa.selenium.firefox.FirefoxDriver
Capabilities [{platform=WINDOWS, acceptSslCerts=true, javascriptEnabled=true, cssSelectorsEnabled=true, databaseEnabled=true, browserName=firefox, handlesAlerts=true, nativeEvents=false, webStorageEnabled=true, rotatable=false, locationContextEnabled=true, applicationCacheEnabled=true, takesScreenshot=true, version=46.0}]
	at org.openqa.selenium.remote.ErrorHandler.createThrowable(ErrorHandler.java:206)
	at org.openqa.selenium.remote.ErrorHandler.throwIfResponseFailed(ErrorHandler.java:158)
	at org.openqa.selenium.remote.RemoteWebDriver.execute(RemoteWebDriver.java:678)
	at org.openqa.selenium.remote.RemoteWebDriver.findElement(RemoteWebDriver.java:363)
	at org.openqa.selenium.remote.RemoteWebDriver.findElementByXPath(RemoteWebDriver.java:500)
	at org.openqa.selenium.By$ByXPath.findElement(By.java:361)
	at org.openqa.selenium.remote.RemoteWebDriver.findElement(RemoteWebDriver.java:355)
	at com.arc.driver.CommonMethod.findElement(CommonMethod.java:81)
	at com.arc.driver.CommonMethod.getText(CommonMethod.java:170)
	at com.arc.driver.CommonMethod.assertEqualsmessage(CommonMethod.java:222)
	at com.arc.ReusableMethods.ReusableMethodsLogin.assertPostLoginText(ReusableMethodsLogin.java:51)
	at com.arc.ReusableMethods.ReusableMethodsLogin.LoginToArc(ReusableMethodsLogin.java:111)
	at com.arc.testcases.MyBuildings.None.WasteMeterCreateTest.wasteMeterCreateTest(WasteMeterCreateTest.java:33)
... Removed 28 stack frames
</div> <!-- stack-trace -->
                </div> <!-- method-content -->
              </div> <!-- method -->
            </div> <!-- main-panel-content rounded-window-bottom -->
          </div> <!-- suite-SanityTestCasesSuite-class-failed -->
          <div class="suite-SanityTestCasesSuite-class-failed">
            <div class="main-panel-header rounded-window-top">
              <img src="failed.png"/>
              <span class="class-name">com.arc.testcases.MyBuildings.None.PaymentbyCheckTest</span>
            </div> <!-- main-panel-header rounded-window-top -->
            <div class="main-panel-content rounded-window-bottom">
              <div class="method">
                <div class="method-content">
                  <a name="paymentbyCCTest(6, NewBuildingProject, Login, Payment)">
                  </a> <!-- paymentbyCCTest(6, NewBuildingProject, Login, Payment) -->
                  <span class="method-name">paymentbyCCTest</span>
                  <span class="parameters">(6, NewBuildingProject, Login, Payment)</span>
                  <div class="stack-trace">java.lang.Error: Error communicating with the remote browser. It may have died.
Build info: version: &apos;2.53.1&apos;, revision: &apos;a36b8b1cd5757287168e54b817830adce9b0158d&apos;, time: &apos;2016-06-30 19:26:09&apos;
System info: host: &apos;G10GNLT041&apos;, ip: &apos;172.18.0.18&apos;, os.name: &apos;Windows 7&apos;, os.arch: &apos;amd64&apos;, os.version: &apos;6.1&apos;, java.version: &apos;1.7.0_51&apos;
Driver info: driver.version: RemoteWebDriver
Session ID: b4f7e537-6996-4cd4-a04b-d99afa1fca50
Capabilities [{platform=WINDOWS, acceptSslCerts=true, javascriptEnabled=true, cssSelectorsEnabled=true, databaseEnabled=true, browserName=firefox, handlesAlerts=true, nativeEvents=false, webStorageEnabled=true, rotatable=false, locationContextEnabled=true, applicationCacheEnabled=true, takesScreenshot=true, version=46.0}]
	at org.openqa.selenium.remote.RemoteWebDriver.execute(RemoteWebDriver.java:665)
	at org.openqa.selenium.remote.RemoteWebDriver.findElement(RemoteWebDriver.java:363)
	at org.openqa.selenium.remote.RemoteWebDriver.findElementByXPath(RemoteWebDriver.java:500)
	at org.openqa.selenium.By$ByXPath.findElement(By.java:361)
	at org.openqa.selenium.remote.RemoteWebDriver.findElement(RemoteWebDriver.java:355)
	at com.arc.driver.CommonMethod.findElement(CommonMethod.java:81)
	at com.arc.driver.CommonMethod.sendKeys(CommonMethod.java:165)
	at com.arc.ReusableMethods.ReusableMethodsAddProject.PaymentbyCheck(ReusableMethodsAddProject.java:1039)
	at com.arc.testcases.MyBuildings.None.PaymentbyCheckTest.paymentbyCCTest(PaymentbyCheckTest.java:31)
... Removed 24 stack frames
</div> <!-- stack-trace -->
                </div> <!-- method-content -->
              </div> <!-- method -->
            </div> <!-- main-panel-content rounded-window-bottom -->
          </div> <!-- suite-SanityTestCasesSuite-class-failed -->
          <div class="suite-SanityTestCasesSuite-class-skipped">
            <div class="main-panel-header rounded-window-top">
              <img src="skipped.png"/>
              <span class="class-name">com.arc.testcases.MyBuildings.None.BillingStatusVerificationTest</span>
            </div> <!-- main-panel-header rounded-window-top -->
            <div class="main-panel-content rounded-window-bottom">
              <div class="method">
                <div class="method-content">
                  <a name="billingStatusVerificationTest">
                  </a> <!-- billingStatusVerificationTest -->
                  <span class="method-name">billingStatusVerificationTest</span>
                  <div class="stack-trace">org.testng.TestNGException: 
Method billingStatusVerificationTest requires 3 parameters but 4 were supplied in the @Test annotation.
... Removed 23 stack frames
</div> <!-- stack-trace -->
                </div> <!-- method-content -->
              </div> <!-- method -->
            </div> <!-- main-panel-content rounded-window-bottom -->
          </div> <!-- suite-SanityTestCasesSuite-class-skipped -->
          <div class="suite-SanityTestCasesSuite-class-skipped">
            <div class="main-panel-header rounded-window-top">
              <img src="skipped.png"/>
              <span class="class-name">com.arc.testcases.MyBuildings.None.WasteReadingDateOverlappingTest</span>
            </div> <!-- main-panel-header rounded-window-top -->
            <div class="main-panel-content rounded-window-bottom">
              <div class="method">
                <div class="method-content">
                  <a name="wasteMeterEditReadingTest">
                  </a> <!-- wasteMeterEditReadingTest -->
                  <span class="method-name">wasteMeterEditReadingTest</span>
                  <div class="stack-trace">org.testng.TestNGException: 
Method wasteMeterEditReadingTest requires 3 parameters but 4 were supplied in the @Test annotation.
... Removed 23 stack frames
</div> <!-- stack-trace -->
                </div> <!-- method-content -->
              </div> <!-- method -->
            </div> <!-- main-panel-content rounded-window-bottom -->
          </div> <!-- suite-SanityTestCasesSuite-class-skipped -->
          <div class="suite-SanityTestCasesSuite-class-skipped">
            <div class="main-panel-header rounded-window-top">
              <img src="skipped.png"/>
              <span class="class-name">com.arc.testcases.MyBuildings.None.WaterFileUploadTest</span>
            </div> <!-- main-panel-header rounded-window-top -->
            <div class="main-panel-content rounded-window-bottom">
              <div class="method">
                <div class="method-content">
                  <a name="waterFileUploadTest">
                  </a> <!-- waterFileUploadTest -->
                  <span class="method-name">waterFileUploadTest</span>
                  <div class="stack-trace">org.testng.TestNGException: 
Method waterFileUploadTest requires 3 parameters but 4 were supplied in the @Test annotation.
... Removed 23 stack frames
</div> <!-- stack-trace -->
                </div> <!-- method-content -->
              </div> <!-- method -->
            </div> <!-- main-panel-content rounded-window-bottom -->
          </div> <!-- suite-SanityTestCasesSuite-class-skipped -->
          <div class="suite-SanityTestCasesSuite-class-skipped">
            <div class="main-panel-header rounded-window-top">
              <img src="skipped.png"/>
              <span class="class-name">com.arc.testcases.MyBuildings.None.ProjectDetailsVerificationTest</span>
            </div> <!-- main-panel-header rounded-window-top -->
            <div class="main-panel-content rounded-window-bottom">
              <div class="method">
                <div class="method-content">
                  <a name="projectDetailsVerificationTest">
                  </a> <!-- projectDetailsVerificationTest -->
                  <span class="method-name">projectDetailsVerificationTest</span>
                  <div class="stack-trace">org.testng.TestNGException: 
Method projectDetailsVerificationTest requires 3 parameters but 4 were supplied in the @Test annotation.
... Removed 23 stack frames
</div> <!-- stack-trace -->
                </div> <!-- method-content -->
              </div> <!-- method -->
            </div> <!-- main-panel-content rounded-window-bottom -->
          </div> <!-- suite-SanityTestCasesSuite-class-skipped -->
          <div class="suite-SanityTestCasesSuite-class-skipped">
            <div class="main-panel-header rounded-window-top">
              <img src="skipped.png"/>
              <span class="class-name">com.arc.testcases.MyBuildings.None.WasteMeterEditReadingTest</span>
            </div> <!-- main-panel-header rounded-window-top -->
            <div class="main-panel-content rounded-window-bottom">
              <div class="method">
                <div class="method-content">
                  <a name="wasteMeterEditReadingTest">
                  </a> <!-- wasteMeterEditReadingTest -->
                  <span class="method-name">wasteMeterEditReadingTest</span>
                  <div class="stack-trace">org.testng.TestNGException: 
Method wasteMeterEditReadingTest requires 3 parameters but 4 were supplied in the @Test annotation.
... Removed 23 stack frames
</div> <!-- stack-trace -->
                </div> <!-- method-content -->
              </div> <!-- method -->
            </div> <!-- main-panel-content rounded-window-bottom -->
          </div> <!-- suite-SanityTestCasesSuite-class-skipped -->
          <div class="suite-SanityTestCasesSuite-class-skipped">
            <div class="main-panel-header rounded-window-top">
              <img src="skipped.png"/>
              <span class="class-name">com.arc.testcases.MyBuildings.None.PerformanceScoreVerificationReviewTest</span>
            </div> <!-- main-panel-header rounded-window-top -->
            <div class="main-panel-content rounded-window-bottom">
              <div class="method">
                <div class="method-content">
                  <a name="waterFileUploadTest(6, NewBuildingProject, Login, Payment)">
                  </a> <!-- waterFileUploadTest(6, NewBuildingProject, Login, Payment) -->
                  <span class="method-name">waterFileUploadTest</span>
                  <span class="parameters">(6, NewBuildingProject, Login, Payment)</span>
                </div> <!-- method-content -->
              </div> <!-- method -->
            </div> <!-- main-panel-content rounded-window-bottom -->
          </div> <!-- suite-SanityTestCasesSuite-class-skipped -->
          <div class="suite-SanityTestCasesSuite-class-passed">
            <div class="main-panel-header rounded-window-top">
              <img src="passed.png"/>
              <span class="class-name">com.arc.testcases.MyBuildings.None.VerifyPRFileDownloadTest</span>
            </div> <!-- main-panel-header rounded-window-top -->
            <div class="main-panel-content rounded-window-bottom">
              <div class="method">
                <div class="method-content">
                  <a name="billingStatusVerificationTest(6, NewBuildingProject, Login)">
                  </a> <!-- billingStatusVerificationTest(6, NewBuildingProject, Login) -->
                  <span class="method-name">billingStatusVerificationTest</span>
                  <span class="parameters">(6, NewBuildingProject, Login)</span>
                </div> <!-- method-content -->
              </div> <!-- method -->
            </div> <!-- main-panel-content rounded-window-bottom -->
          </div> <!-- suite-SanityTestCasesSuite-class-passed -->
          <div class="suite-SanityTestCasesSuite-class-passed">
            <div class="main-panel-header rounded-window-top">
              <img src="passed.png"/>
              <span class="class-name">com.arc.testcases.MyBuildings.None.ClickSearchedProgramTest</span>
            </div> <!-- main-panel-header rounded-window-top -->
            <div class="main-panel-content rounded-window-bottom">
              <div class="method">
                <div class="method-content">
                  <a name="clickSearchedProgramTest(6, NewBuildingProject, Login)">
                  </a> <!-- clickSearchedProgramTest(6, NewBuildingProject, Login) -->
                  <span class="method-name">clickSearchedProgramTest</span>
                  <span class="parameters">(6, NewBuildingProject, Login)</span>
                </div> <!-- method-content -->
              </div> <!-- method -->
            </div> <!-- main-panel-content rounded-window-bottom -->
          </div> <!-- suite-SanityTestCasesSuite-class-passed -->
          <div class="suite-SanityTestCasesSuite-class-passed">
            <div class="main-panel-header rounded-window-top">
              <img src="passed.png"/>
              <span class="class-name">com.arc.testcases.MyBuildings.None.BillingDateVerificationTest</span>
            </div> <!-- main-panel-header rounded-window-top -->
            <div class="main-panel-content rounded-window-bottom">
              <div class="method">
                <div class="method-content">
                  <a name="billingDateVerificationTest(6, NewBuildingProject, Login)">
                  </a> <!-- billingDateVerificationTest(6, NewBuildingProject, Login) -->
                  <span class="method-name">billingDateVerificationTest</span>
                  <span class="parameters">(6, NewBuildingProject, Login)</span>
                </div> <!-- method-content -->
              </div> <!-- method -->
            </div> <!-- main-panel-content rounded-window-bottom -->
          </div> <!-- suite-SanityTestCasesSuite-class-passed -->
          <div class="suite-SanityTestCasesSuite-class-passed">
            <div class="main-panel-header rounded-window-top">
              <img src="passed.png"/>
              <span class="class-name">com.arc.testcases.MyBuildings.None.LoginCaseTest</span>
            </div> <!-- main-panel-header rounded-window-top -->
            <div class="main-panel-content rounded-window-bottom">
              <div class="method">
                <div class="method-content">
                  <a name="loginCaseTest(6, Login)">
                  </a> <!-- loginCaseTest(6, Login) -->
                  <span class="method-name">loginCaseTest</span>
                  <span class="parameters">(6, Login)</span>
                </div> <!-- method-content -->
              </div> <!-- method -->
            </div> <!-- main-panel-content rounded-window-bottom -->
          </div> <!-- suite-SanityTestCasesSuite-class-passed -->
          <div class="suite-SanityTestCasesSuite-class-passed">
            <div class="main-panel-header rounded-window-top">
              <img src="passed.png"/>
              <span class="class-name">com.arc.testcases.MyBuildings.None.AddNewProjectINDTest</span>
            </div> <!-- main-panel-header rounded-window-top -->
            <div class="main-panel-content rounded-window-bottom">
              <div class="method">
                <div class="method-content">
                  <a name="addNewProjectTest(6, Login)">
                  </a> <!-- addNewProjectTest(6, Login) -->
                  <span class="method-name">addNewProjectTest</span>
                  <span class="parameters">(6, Login)</span>
                </div> <!-- method-content -->
              </div> <!-- method -->
            </div> <!-- main-panel-content rounded-window-bottom -->
          </div> <!-- suite-SanityTestCasesSuite-class-passed -->
          <div class="suite-SanityTestCasesSuite-class-passed">
            <div class="main-panel-header rounded-window-top">
              <img src="passed.png"/>
              <span class="class-name">com.arc.testcases.MyBuildings.None.EditProjectDetailsTest</span>
            </div> <!-- main-panel-header rounded-window-top -->
            <div class="main-panel-content rounded-window-bottom">
              <div class="method">
                <div class="method-content">
                  <a name="editProjectDetailsTest(6, NewBuildingProject, Login)">
                  </a> <!-- editProjectDetailsTest(6, NewBuildingProject, Login) -->
                  <span class="method-name">editProjectDetailsTest</span>
                  <span class="parameters">(6, NewBuildingProject, Login)</span>
                </div> <!-- method-content -->
              </div> <!-- method -->
            </div> <!-- main-panel-content rounded-window-bottom -->
          </div> <!-- suite-SanityTestCasesSuite-class-passed -->
          <div class="suite-SanityTestCasesSuite-class-passed">
            <div class="main-panel-header rounded-window-top">
              <img src="passed.png"/>
              <span class="class-name">com.arc.testcases.MyBuildings.None.EnergyFileUploadTest</span>
            </div> <!-- main-panel-header rounded-window-top -->
            <div class="main-panel-content rounded-window-bottom">
              <div class="method">
                <div class="method-content">
                  <a name="energyFileUploadTest(6, NewBuildingProject, Login)">
                  </a> <!-- energyFileUploadTest(6, NewBuildingProject, Login) -->
                  <span class="method-name">energyFileUploadTest</span>
                  <span class="parameters">(6, NewBuildingProject, Login)</span>
                </div> <!-- method-content -->
              </div> <!-- method -->
            </div> <!-- main-panel-content rounded-window-bottom -->
          </div> <!-- suite-SanityTestCasesSuite-class-passed -->
          <div class="suite-SanityTestCasesSuite-class-passed">
            <div class="main-panel-header rounded-window-top">
              <img src="passed.png"/>
              <span class="class-name">com.arc.testcases.MyBuildings.None.InstallAllAppsTest</span>
            </div> <!-- main-panel-header rounded-window-top -->
            <div class="main-panel-content rounded-window-bottom">
              <div class="method">
                <div class="method-content">
                  <a name="installAllAppsTest(6, NewBuildingProject, Login)">
                  </a> <!-- installAllAppsTest(6, NewBuildingProject, Login) -->
                  <span class="method-name">installAllAppsTest</span>
                  <span class="parameters">(6, NewBuildingProject, Login)</span>
                </div> <!-- method-content -->
              </div> <!-- method -->
            </div> <!-- main-panel-content rounded-window-bottom -->
          </div> <!-- suite-SanityTestCasesSuite-class-passed -->
          <div class="suite-SanityTestCasesSuite-class-passed">
            <div class="main-panel-header rounded-window-top">
              <img src="passed.png"/>
              <span class="class-name">com.arc.testcases.MyBuildings.None.ProjectFieldVerificationTest</span>
            </div> <!-- main-panel-header rounded-window-top -->
            <div class="main-panel-content rounded-window-bottom">
              <div class="method">
                <div class="method-content">
                  <a name="projectFieldVerificationTest(6, NewBuildingProject, Login)">
                  </a> <!-- projectFieldVerificationTest(6, NewBuildingProject, Login) -->
                  <span class="method-name">projectFieldVerificationTest</span>
                  <span class="parameters">(6, NewBuildingProject, Login)</span>
                </div> <!-- method-content -->
              </div> <!-- method -->
            </div> <!-- main-panel-content rounded-window-bottom -->
          </div> <!-- suite-SanityTestCasesSuite-class-passed -->
          <div class="suite-SanityTestCasesSuite-class-passed">
            <div class="main-panel-header rounded-window-top">
              <img src="passed.png"/>
              <span class="class-name">com.arc.testcases.MyBuildings.None.BillingRegistrationAmountVerificationTest</span>
            </div> <!-- main-panel-header rounded-window-top -->
            <div class="main-panel-content rounded-window-bottom">
              <div class="method">
                <div class="method-content">
                  <a name="billingRegistrationAmountVerificationTest(6, NewBuildingProject, Login, Payment)">
                  </a> <!-- billingRegistrationAmountVerificationTest(6, NewBuildingProject, Login, Payment) -->
                  <span class="method-name">billingRegistrationAmountVerificationTest</span>
                  <span class="parameters">(6, NewBuildingProject, Login, Payment)</span>
                </div> <!-- method-content -->
              </div> <!-- method -->
            </div> <!-- main-panel-content rounded-window-bottom -->
          </div> <!-- suite-SanityTestCasesSuite-class-passed -->
          <div class="suite-SanityTestCasesSuite-class-passed">
            <div class="main-panel-header rounded-window-top">
              <img src="passed.png"/>
              <span class="class-name">com.arc.testcases.MyBuildings.None.EnergyMeterCreateTest</span>
            </div> <!-- main-panel-header rounded-window-top -->
            <div class="main-panel-content rounded-window-bottom">
              <div class="method">
                <div class="method-content">
                  <a name="energyMeterCreateTest(6, NewBuildingProject, Login, BEnergy)">
                  </a> <!-- energyMeterCreateTest(6, NewBuildingProject, Login, BEnergy) -->
                  <span class="method-name">energyMeterCreateTest</span>
                  <span class="parameters">(6, NewBuildingProject, Login, BEnergy)</span>
                </div> <!-- method-content -->
              </div> <!-- method -->
            </div> <!-- main-panel-content rounded-window-bottom -->
          </div> <!-- suite-SanityTestCasesSuite-class-passed -->
          <div class="suite-SanityTestCasesSuite-class-passed">
            <div class="main-panel-header rounded-window-top">
              <img src="passed.png"/>
              <span class="class-name">com.arc.testcases.MyBuildings.None.PaymentbyCCTest</span>
            </div> <!-- main-panel-header rounded-window-top -->
            <div class="main-panel-content rounded-window-bottom">
              <div class="method">
                <div class="method-content">
                  <a name="paymentbyCCTest(6, NewBuildingProject, Login, Payment)">
                  </a> <!-- paymentbyCCTest(6, NewBuildingProject, Login, Payment) -->
                  <span class="method-name">paymentbyCCTest</span>
                  <span class="parameters">(6, NewBuildingProject, Login, Payment)</span>
                </div> <!-- method-content -->
              </div> <!-- method -->
            </div> <!-- main-panel-content rounded-window-bottom -->
          </div> <!-- suite-SanityTestCasesSuite-class-passed -->
          <div class="suite-SanityTestCasesSuite-class-passed">
            <div class="main-panel-header rounded-window-top">
              <img src="passed.png"/>
              <span class="class-name">com.arc.testcases.MyBuildings.None.VerifyAgreementFileDownloadTest</span>
            </div> <!-- main-panel-header rounded-window-top -->
            <div class="main-panel-content rounded-window-bottom">
              <div class="method">
                <div class="method-content">
                  <a name="verifyAgreementFileDownloadTest(6, NewBuildingProject, Login)">
                  </a> <!-- verifyAgreementFileDownloadTest(6, NewBuildingProject, Login) -->
                  <span class="method-name">verifyAgreementFileDownloadTest</span>
                  <span class="parameters">(6, NewBuildingProject, Login)</span>
                </div> <!-- method-content -->
              </div> <!-- method -->
            </div> <!-- main-panel-content rounded-window-bottom -->
          </div> <!-- suite-SanityTestCasesSuite-class-passed -->
          <div class="suite-SanityTestCasesSuite-class-passed">
            <div class="main-panel-header rounded-window-top">
              <img src="passed.png"/>
              <span class="class-name">com.arc.testcases.MyBuildings.None.WaterMeterCreateTest</span>
            </div> <!-- main-panel-header rounded-window-top -->
            <div class="main-panel-content rounded-window-bottom">
              <div class="method">
                <div class="method-content">
                  <a name="waterMeterCreateTest(6, NewBuildingProject, Login, BWater)">
                  </a> <!-- waterMeterCreateTest(6, NewBuildingProject, Login, BWater) -->
                  <span class="method-name">waterMeterCreateTest</span>
                  <span class="parameters">(6, NewBuildingProject, Login, BWater)</span>
                </div> <!-- method-content -->
              </div> <!-- method -->
            </div> <!-- main-panel-content rounded-window-bottom -->
          </div> <!-- suite-SanityTestCasesSuite-class-passed -->
          <div class="suite-SanityTestCasesSuite-class-passed">
            <div class="main-panel-header rounded-window-top">
              <img src="passed.png"/>
              <span class="class-name">com.arc.testcases.MyBuildings.None.EditMemberRoleManagerTest</span>
            </div> <!-- main-panel-header rounded-window-top -->
            <div class="main-panel-content rounded-window-bottom">
              <div class="method">
                <div class="method-content">
                  <a name="editMemberRoleManagerTest(6, NewBuildingProject, Login)">
                  </a> <!-- editMemberRoleManagerTest(6, NewBuildingProject, Login) -->
                  <span class="method-name">editMemberRoleManagerTest</span>
                  <span class="parameters">(6, NewBuildingProject, Login)</span>
                </div> <!-- method-content -->
              </div> <!-- method -->
            </div> <!-- main-panel-content rounded-window-bottom -->
          </div> <!-- suite-SanityTestCasesSuite-class-passed -->
          <div class="suite-SanityTestCasesSuite-class-passed">
            <div class="main-panel-header rounded-window-top">
              <img src="passed.png"/>
              <span class="class-name">com.arc.testcases.MyBuildings.None.AddTeamMemberTest</span>
            </div> <!-- main-panel-header rounded-window-top -->
            <div class="main-panel-content rounded-window-bottom">
              <div class="method">
                <div class="method-content">
                  <a name="addTeamMemberTest(6, NewBuildingProject, Login, BTeam)">
                  </a> <!-- addTeamMemberTest(6, NewBuildingProject, Login, BTeam) -->
                  <span class="method-name">addTeamMemberTest</span>
                  <span class="parameters">(6, NewBuildingProject, Login, BTeam)</span>
                </div> <!-- method-content -->
              </div> <!-- method -->
            </div> <!-- main-panel-content rounded-window-bottom -->
          </div> <!-- suite-SanityTestCasesSuite-class-passed -->
          <div class="suite-SanityTestCasesSuite-class-passed">
            <div class="main-panel-header rounded-window-top">
              <img src="passed.png"/>
              <span class="class-name">com.arc.testcases.MyBuildings.None.UnistallAllAppsTest</span>
            </div> <!-- main-panel-header rounded-window-top -->
            <div class="main-panel-content rounded-window-bottom">
              <div class="method">
                <div class="method-content">
                  <a name="installAllAppsTest(6, NewBuildingProject, Login)">
                  </a> <!-- installAllAppsTest(6, NewBuildingProject, Login) -->
                  <span class="method-name">installAllAppsTest</span>
                  <span class="parameters">(6, NewBuildingProject, Login)</span>
                </div> <!-- method-content -->
              </div> <!-- method -->
            </div> <!-- main-panel-content rounded-window-bottom -->
          </div> <!-- suite-SanityTestCasesSuite-class-passed -->
          <div class="suite-SanityTestCasesSuite-class-passed">
            <div class="main-panel-header rounded-window-top">
              <img src="passed.png"/>
              <span class="class-name">com.arc.testcases.MyBuildings.None.AddNewProjectTest</span>
            </div> <!-- main-panel-header rounded-window-top -->
            <div class="main-panel-content rounded-window-bottom">
              <div class="method">
                <div class="method-content">
                  <a name="addNewProjectTest(6, Login, NewBuildingProject)">
                  </a> <!-- addNewProjectTest(6, Login, NewBuildingProject) -->
                  <span class="method-name">addNewProjectTest</span>
                  <span class="parameters">(6, Login, NewBuildingProject)</span>
                </div> <!-- method-content -->
              </div> <!-- method -->
            </div> <!-- main-panel-content rounded-window-bottom -->
          </div> <!-- suite-SanityTestCasesSuite-class-passed -->
        </div> <!-- panel SanityTestCasesSuite -->
        <div panel-name="test-xml-SanityTestCasesSuite" class="panel">
          <div class="main-panel-header rounded-window-top">
            <span class="header-content">C:\Users\group10\workspace\ARCProject\src\main\resources\testng.xml</span>
          </div> <!-- main-panel-header rounded-window-top -->
          <div class="main-panel-content rounded-window-bottom">
            <pre>
&lt;?xml version=&quot;1.0&quot; encoding=&quot;UTF-8&quot;?&gt;
&lt;!DOCTYPE suite SYSTEM &quot;http://testng.org/testng-1.0.dtd&quot;&gt;
&lt;suite guice-stage=&quot;DEVELOPMENT&quot; name=&quot;SanityTestCasesSuite&quot;&gt;
  &lt;listeners&gt;
    &lt;listener class-name=&quot;com.arc.driver.ExtentReportNG&quot;/&gt;
  &lt;/listeners&gt;
  &lt;test name=&quot;ARCRegressionTest-Building-None&quot;&gt;
    &lt;parameter name=&quot;paymentSheet&quot; value=&quot;Payment&quot;/&gt;
    &lt;parameter name=&quot;loginSheet&quot; value=&quot;Login&quot;/&gt;
    &lt;parameter name=&quot;buildingSheet&quot; value=&quot;NewBuildingProject&quot;/&gt;
    &lt;parameter name=&quot;environment&quot; value=&quot;staging&quot;/&gt;
    &lt;parameter name=&quot;energySheet&quot; value=&quot;BEnergy&quot;/&gt;
    &lt;parameter name=&quot;browserName&quot; value=&quot;firefox&quot;/&gt;
    &lt;parameter name=&quot;wasteSheet&quot; value=&quot;BWaste&quot;/&gt;
    &lt;parameter name=&quot;waterSheet&quot; value=&quot;BWater&quot;/&gt;
    &lt;parameter name=&quot;teamSheet&quot; value=&quot;BTeam&quot;/&gt;
    &lt;parameter name=&quot;rowNum&quot; value=&quot;6&quot;/&gt;
    &lt;classes&gt;
      &lt;class name=&quot;com.arc.testcases.MyBuildings.None.LoginCaseTest&quot;/&gt;
      &lt;class name=&quot;com.arc.testcases.MyBuildings.None.ClickSearchedProgramTest&quot;/&gt;
      &lt;class name=&quot;com.arc.testcases.MyBuildings.None.AddNewProjectTest&quot;/&gt;
      &lt;class name=&quot;com.arc.testcases.MyBuildings.None.PaymentbyCCTest&quot;/&gt;
      &lt;class name=&quot;com.arc.testcases.MyBuildings.None.VerifyPRFileDownloadTest&quot;/&gt;
      &lt;class name=&quot;com.arc.testcases.MyBuildings.None.EnergyMeterCreateTest&quot;/&gt;
      &lt;class name=&quot;com.arc.testcases.MyBuildings.None.WaterMeterCreateTest&quot;/&gt;
      &lt;class name=&quot;com.arc.testcases.MyBuildings.None.WasteMeterCreateTest&quot;/&gt;
      &lt;class name=&quot;com.arc.testcases.MyBuildings.None.ProjectFieldVerificationTest&quot;/&gt;
      &lt;class name=&quot;com.arc.testcases.MyBuildings.None.EditProjectDetailsTest&quot;/&gt;
      &lt;class name=&quot;com.arc.testcases.MyBuildings.None.ProjectDetailsVerificationTest&quot;/&gt;
      &lt;class name=&quot;com.arc.testcases.MyBuildings.None.AddTeamMemberTest&quot;/&gt;
      &lt;class name=&quot;com.arc.testcases.MyBuildings.None.EditMemberRoleManagerTest&quot;/&gt;
      &lt;class name=&quot;com.arc.testcases.MyBuildings.None.VerifyAgreementFileDownloadTest&quot;/&gt;
      &lt;class name=&quot;com.arc.testcases.MyBuildings.None.InstallAllAppsTest&quot;/&gt;
      &lt;class name=&quot;com.arc.testcases.MyBuildings.None.UnistallAllAppsTest&quot;/&gt;
      &lt;class name=&quot;com.arc.testcases.MyBuildings.None.BillingDateVerificationTest&quot;/&gt;
      &lt;class name=&quot;com.arc.testcases.MyBuildings.None.BillingRegistrationAmountVerificationTest&quot;/&gt;
      &lt;class name=&quot;com.arc.testcases.MyBuildings.None.BillingStatusVerificationTest&quot;/&gt;
      &lt;class name=&quot;com.arc.testcases.MyBuildings.None.WasteMeterEditReadingTest&quot;/&gt;
      &lt;class name=&quot;com.arc.testcases.MyBuildings.None.EnergyFileUploadTest&quot;/&gt;
      &lt;class name=&quot;com.arc.testcases.MyBuildings.None.WaterFileUploadTest&quot;/&gt;
      &lt;class name=&quot;com.arc.testcases.MyBuildings.None.WasteReadingDateOverlappingTest&quot;/&gt;
      &lt;class name=&quot;com.arc.testcases.MyBuildings.None.AddNewProjectINDTest&quot;/&gt;
      &lt;class name=&quot;com.arc.testcases.MyBuildings.None.PaymentbyCheckTest&quot;/&gt;
      &lt;class name=&quot;com.arc.testcases.MyBuildings.None.PerformanceScoreVerificationReviewTest&quot;/&gt;
    &lt;/classes&gt;
  &lt;/test&gt; &lt;!-- ARCRegressionTest-Building-None --&gt;
&lt;/suite&gt; &lt;!-- SanityTestCasesSuite --&gt;
            </pre>
          </div> <!-- main-panel-content rounded-window-bottom -->
        </div> <!-- panel -->
        <div panel-name="testlist-SanityTestCasesSuite" class="panel">
          <div class="main-panel-header rounded-window-top">
            <span class="header-content">Tests for SanityTestCasesSuite</span>
          </div> <!-- main-panel-header rounded-window-top -->
          <div class="main-panel-content rounded-window-bottom">
            <ul>
              <li>
                <span class="test-name">ARCRegressionTest-Building-None (26 classes)</span>
              </li>
            </ul>
          </div> <!-- main-panel-content rounded-window-bottom -->
        </div> <!-- panel -->
        <div panel-name="group-SanityTestCasesSuite" class="panel">
          <div class="main-panel-header rounded-window-top">
            <span class="header-content">Groups for SanityTestCasesSuite</span>
          </div> <!-- main-panel-header rounded-window-top -->
          <div class="main-panel-content rounded-window-bottom">
          </div> <!-- main-panel-content rounded-window-bottom -->
        </div> <!-- panel -->
        <div panel-name="times-SanityTestCasesSuite" class="panel">
          <div class="main-panel-header rounded-window-top">
            <span class="header-content">Times for SanityTestCasesSuite</span>
          </div> <!-- main-panel-header rounded-window-top -->
          <div class="main-panel-content rounded-window-bottom">
            <div class="times-div">
              <script type="text/javascript">
suiteTableInitFunctions.push('tableData_SanityTestCasesSuite');
function tableData_SanityTestCasesSuite() {
var data = new google.visualization.DataTable();
data.addColumn('number', 'Number');
data.addColumn('string', 'Method');
data.addColumn('string', 'Class');
data.addColumn('number', 'Time (ms)');
data.addRows(26);
data.setCell(0, 0, 0)
data.setCell(0, 1, 'addNewProjectTest')
data.setCell(0, 2, 'com.arc.testcases.MyBuildings.None.AddNewProjectTest')
data.setCell(0, 3, 116986);
data.setCell(1, 0, 1)
data.setCell(1, 1, 'paymentbyCCTest')
data.setCell(1, 2, 'com.arc.testcases.MyBuildings.None.PaymentbyCheckTest')
data.setCell(1, 3, 76989);
data.setCell(2, 0, 2)
data.setCell(2, 1, 'paymentbyCCTest')
data.setCell(2, 2, 'com.arc.testcases.MyBuildings.None.PaymentbyCCTest')
data.setCell(2, 3, 74568);
data.setCell(3, 0, 3)
data.setCell(3, 1, 'energyFileUploadTest')
data.setCell(3, 2, 'com.arc.testcases.MyBuildings.None.EnergyFileUploadTest')
data.setCell(3, 3, 73653);
data.setCell(4, 0, 4)
data.setCell(4, 1, 'wasteMeterCreateTest')
data.setCell(4, 2, 'com.arc.testcases.MyBuildings.None.WasteMeterCreateTest')
data.setCell(4, 3, 71905);
data.setCell(5, 0, 5)
data.setCell(5, 1, 'waterMeterCreateTest')
data.setCell(5, 2, 'com.arc.testcases.MyBuildings.None.WaterMeterCreateTest')
data.setCell(5, 3, 64520);
data.setCell(6, 0, 6)
data.setCell(6, 1, 'energyMeterCreateTest')
data.setCell(6, 2, 'com.arc.testcases.MyBuildings.None.EnergyMeterCreateTest')
data.setCell(6, 3, 64074);
data.setCell(7, 0, 7)
data.setCell(7, 1, 'billingStatusVerificationTest')
data.setCell(7, 2, 'com.arc.testcases.MyBuildings.None.VerifyPRFileDownloadTest')
data.setCell(7, 3, 59066);
data.setCell(8, 0, 8)
data.setCell(8, 1, 'addTeamMemberTest')
data.setCell(8, 2, 'com.arc.testcases.MyBuildings.None.AddTeamMemberTest')
data.setCell(8, 3, 54288);
data.setCell(9, 0, 9)
data.setCell(9, 1, 'addNewProjectTest')
data.setCell(9, 2, 'com.arc.testcases.MyBuildings.None.AddNewProjectINDTest')
data.setCell(9, 3, 53531);
data.setCell(10, 0, 10)
data.setCell(10, 1, 'editProjectDetailsTest')
data.setCell(10, 2, 'com.arc.testcases.MyBuildings.None.EditProjectDetailsTest')
data.setCell(10, 3, 52008);
data.setCell(11, 0, 11)
data.setCell(11, 1, 'installAllAppsTest')
data.setCell(11, 2, 'com.arc.testcases.MyBuildings.None.InstallAllAppsTest')
data.setCell(11, 3, 50037);
data.setCell(12, 0, 12)
data.setCell(12, 1, 'verifyAgreementFileDownloadTest')
data.setCell(12, 2, 'com.arc.testcases.MyBuildings.None.VerifyAgreementFileDownloadTest')
data.setCell(12, 3, 49543);
data.setCell(13, 0, 13)
data.setCell(13, 1, 'installAllAppsTest')
data.setCell(13, 2, 'com.arc.testcases.MyBuildings.None.UnistallAllAppsTest')
data.setCell(13, 3, 48659);
data.setCell(14, 0, 14)
data.setCell(14, 1, 'editMemberRoleManagerTest')
data.setCell(14, 2, 'com.arc.testcases.MyBuildings.None.EditMemberRoleManagerTest')
data.setCell(14, 3, 47752);
data.setCell(15, 0, 15)
data.setCell(15, 1, 'projectFieldVerificationTest')
data.setCell(15, 2, 'com.arc.testcases.MyBuildings.None.ProjectFieldVerificationTest')
data.setCell(15, 3, 34462);
data.setCell(16, 0, 16)
data.setCell(16, 1, 'billingDateVerificationTest')
data.setCell(16, 2, 'com.arc.testcases.MyBuildings.None.BillingDateVerificationTest')
data.setCell(16, 3, 34343);
data.setCell(17, 0, 17)
data.setCell(17, 1, 'billingRegistrationAmountVerificationTest')
data.setCell(17, 2, 'com.arc.testcases.MyBuildings.None.BillingRegistrationAmountVerificationTest')
data.setCell(17, 3, 32240);
data.setCell(18, 0, 18)
data.setCell(18, 1, 'loginCaseTest')
data.setCell(18, 2, 'com.arc.testcases.MyBuildings.None.LoginCaseTest')
data.setCell(18, 3, 27566);
data.setCell(19, 0, 19)
data.setCell(19, 1, 'clickSearchedProgramTest')
data.setCell(19, 2, 'com.arc.testcases.MyBuildings.None.ClickSearchedProgramTest')
data.setCell(19, 3, 21342);
data.setCell(20, 0, 20)
data.setCell(20, 1, 'waterFileUploadTest')
data.setCell(20, 2, 'com.arc.testcases.MyBuildings.None.PerformanceScoreVerificationReviewTest')
data.setCell(20, 3, 5);
data.setCell(21, 0, 21)
data.setCell(21, 1, 'wasteMeterEditReadingTest')
data.setCell(21, 2, 'com.arc.testcases.MyBuildings.None.WasteReadingDateOverlappingTest')
data.setCell(21, 3, 0);
data.setCell(22, 0, 22)
data.setCell(22, 1, 'wasteMeterEditReadingTest')
data.setCell(22, 2, 'com.arc.testcases.MyBuildings.None.WasteMeterEditReadingTest')
data.setCell(22, 3, 0);
data.setCell(23, 0, 23)
data.setCell(23, 1, 'billingStatusVerificationTest')
data.setCell(23, 2, 'com.arc.testcases.MyBuildings.None.BillingStatusVerificationTest')
data.setCell(23, 3, 0);
data.setCell(24, 0, 24)
data.setCell(24, 1, 'waterFileUploadTest')
data.setCell(24, 2, 'com.arc.testcases.MyBuildings.None.WaterFileUploadTest')
data.setCell(24, 3, 0);
data.setCell(25, 0, 25)
data.setCell(25, 1, 'projectDetailsVerificationTest')
data.setCell(25, 2, 'com.arc.testcases.MyBuildings.None.ProjectDetailsVerificationTest')
data.setCell(25, 3, 0);
window.suiteTableData['SanityTestCasesSuite']= { tableData: data, tableDiv: 'times-div-SanityTestCasesSuite'}
return data;
}
              </script>
              <span class="suite-total-time">Total running time: 18 minutes</span>
              <div id="times-div-SanityTestCasesSuite">
              </div> <!-- times-div-SanityTestCasesSuite -->
            </div> <!-- times-div -->
          </div> <!-- main-panel-content rounded-window-bottom -->
        </div> <!-- panel -->
        <div panel-name="reporter-SanityTestCasesSuite" class="panel">
          <div class="main-panel-header rounded-window-top">
            <span class="header-content">Reporter output for SanityTestCasesSuite</span>
          </div> <!-- main-panel-header rounded-window-top -->
          <div class="main-panel-content rounded-window-bottom">
          </div> <!-- main-panel-content rounded-window-bottom -->
        </div> <!-- panel -->
        <div panel-name="ignored-methods-SanityTestCasesSuite" class="panel">
          <div class="main-panel-header rounded-window-top">
            <span class="header-content">0 ignored methods</span>
          </div> <!-- main-panel-header rounded-window-top -->
          <div class="main-panel-content rounded-window-bottom">
          </div> <!-- main-panel-content rounded-window-bottom -->
        </div> <!-- panel -->
        <div panel-name="chronological-SanityTestCasesSuite" class="panel">
          <div class="main-panel-header rounded-window-top">
            <span class="header-content">Methods in chronological order</span>
          </div> <!-- main-panel-header rounded-window-top -->
          <div class="main-panel-content rounded-window-bottom">
            <div class="chronological-class">
              <div class="chronological-class-name">com.arc.testcases.MyBuildings.None.LoginCaseTest</div> <!-- chronological-class-name -->
              <div class="configuration-class before">
                <span class="method-name">setup(firefox, staging)</span>
                <span class="method-start">0 ms</span>
              </div> <!-- configuration-class before -->
              <div class="test-method">
                <span class="method-name">loginCaseTest(6, Login)</span>
                <span class="method-start">23003 ms</span>
              </div> <!-- test-method -->
              <div class="configuration-method after">
                <span class="method-name">teardown([TestResult name=loginCaseTest status=SUCCESS method=LoginCaseTest.loginCaseTest(int, java.lang.Stri...)</span>
                <span class="method-start">50572 ms</span>
              </div> <!-- configuration-method after -->
              <div class="configuration-class after">
                <span class="method-name">end</span>
                <span class="method-start">51138 ms</span>
              </div> <!-- configuration-class after -->
            </div> <!-- chronological-class -->
            <div class="chronological-class">
              <div class="chronological-class-name">com.arc.testcases.MyBuildings.None.ClickSearchedProgramTest</div> <!-- chronological-class-name -->
              <div class="configuration-class before">
                <span class="method-name">setup(firefox, staging)</span>
                <span class="method-start">54281 ms</span>
              </div> <!-- configuration-class before -->
              <div class="test-method">
                <span class="method-name">clickSearchedProgramTest(6, NewBuildingProject, Login)</span>
                <span class="method-start">74687 ms</span>
              </div> <!-- test-method -->
              <div class="configuration-method after">
                <span class="method-name">teardown([TestResult name=clickSearchedProgramTest status=SUCCESS method=ClickSearchedProgramTest.clickSearch...)</span>
                <span class="method-start">96031 ms</span>
              </div> <!-- configuration-method after -->
              <div class="configuration-class after">
                <span class="method-name">end</span>
                <span class="method-start">96219 ms</span>
              </div> <!-- configuration-class after -->
            </div> <!-- chronological-class -->
            <div class="chronological-class">
              <div class="chronological-class-name">com.arc.testcases.MyBuildings.None.AddNewProjectTest</div> <!-- chronological-class-name -->
              <div class="configuration-class before">
                <span class="method-name">setup(firefox, staging)</span>
                <span class="method-start">99224 ms</span>
              </div> <!-- configuration-class before -->
              <div class="test-method">
                <span class="method-name">addNewProjectTest(6, Login, NewBuildingProject)</span>
                <span class="method-start">120341 ms</span>
              </div> <!-- test-method -->
              <div class="configuration-method after">
                <span class="method-name">teardown([TestResult name=addNewProjectTest status=SUCCESS method=AddNewProjectTest.addNewProjectTest(int, ja...)</span>
                <span class="method-start">237330 ms</span>
              </div> <!-- configuration-method after -->
              <div class="configuration-class after">
                <span class="method-name">end</span>
                <span class="method-start">237454 ms</span>
              </div> <!-- configuration-class after -->
            </div> <!-- chronological-class -->
            <div class="chronological-class">
              <div class="chronological-class-name">com.arc.testcases.MyBuildings.None.PaymentbyCCTest</div> <!-- chronological-class-name -->
              <div class="configuration-class before">
                <span class="method-name">setup(firefox, staging)</span>
                <span class="method-start">240952 ms</span>
              </div> <!-- configuration-class before -->
              <div class="test-method">
                <span class="method-name">paymentbyCCTest(6, NewBuildingProject, Login, Payment)</span>
                <span class="method-start">260786 ms</span>
              </div> <!-- test-method -->
              <div class="configuration-method after">
                <span class="method-name">teardown([TestResult name=paymentbyCCTest status=SUCCESS method=PaymentbyCCTest.paymentbyCCTest(int, java.lan...)</span>
                <span class="method-start">335356 ms</span>
              </div> <!-- configuration-method after -->
              <div class="configuration-class after">
                <span class="method-name">end</span>
                <span class="method-start">335434 ms</span>
              </div> <!-- configuration-class after -->
            </div> <!-- chronological-class -->
            <div class="chronological-class">
              <div class="chronological-class-name">com.arc.testcases.MyBuildings.None.VerifyPRFileDownloadTest</div> <!-- chronological-class-name -->
              <div class="configuration-class before">
                <span class="method-name">setup(firefox, staging)</span>
                <span class="method-start">338867 ms</span>
              </div> <!-- configuration-class before -->
              <div class="test-method">
                <span class="method-name">billingStatusVerificationTest(6, NewBuildingProject, Login)</span>
                <span class="method-start">359013 ms</span>
              </div> <!-- test-method -->
              <div class="configuration-method after">
                <span class="method-name">teardown([TestResult name=billingStatusVerificationTest status=SUCCESS method=VerifyPRFileDownloadTest.billin...)</span>
                <span class="method-start">418082 ms</span>
              </div> <!-- configuration-method after -->
              <div class="configuration-class after">
                <span class="method-name">end</span>
                <span class="method-start">418152 ms</span>
              </div> <!-- configuration-class after -->
            </div> <!-- chronological-class -->
            <div class="chronological-class">
              <div class="chronological-class-name">com.arc.testcases.MyBuildings.None.EnergyMeterCreateTest</div> <!-- chronological-class-name -->
              <div class="configuration-class before">
                <span class="method-name">setup(firefox, staging)</span>
                <span class="method-start">421686 ms</span>
              </div> <!-- configuration-class before -->
              <div class="test-method">
                <span class="method-name">energyMeterCreateTest(6, NewBuildingProject, Login, BEnergy)</span>
                <span class="method-start">443238 ms</span>
              </div> <!-- test-method -->
              <div class="configuration-method after">
                <span class="method-name">teardown([TestResult name=energyMeterCreateTest status=SUCCESS method=EnergyMeterCreateTest.energyMeterCreate...)</span>
                <span class="method-start">507313 ms</span>
              </div> <!-- configuration-method after -->
              <div class="configuration-class after">
                <span class="method-name">end</span>
                <span class="method-start">507391 ms</span>
              </div> <!-- configuration-class after -->
            </div> <!-- chronological-class -->
            <div class="chronological-class">
              <div class="chronological-class-name">com.arc.testcases.MyBuildings.None.WaterMeterCreateTest</div> <!-- chronological-class-name -->
              <div class="configuration-class before">
                <span class="method-name">setup(firefox, staging)</span>
                <span class="method-start">510511 ms</span>
              </div> <!-- configuration-class before -->
              <div class="test-method">
                <span class="method-name">waterMeterCreateTest(6, NewBuildingProject, Login, BWater)</span>
                <span class="method-start">531012 ms</span>
              </div> <!-- test-method -->
              <div class="configuration-method after">
                <span class="method-name">teardown([TestResult name=waterMeterCreateTest status=SUCCESS method=WaterMeterCreateTest.waterMeterCreateTes...)</span>
                <span class="method-start">595534 ms</span>
              </div> <!-- configuration-method after -->
              <div class="configuration-class after">
                <span class="method-name">end</span>
                <span class="method-start">595601 ms</span>
              </div> <!-- configuration-class after -->
            </div> <!-- chronological-class -->
            <div class="chronological-class">
              <div class="chronological-class-name">com.arc.testcases.MyBuildings.None.WasteMeterCreateTest</div> <!-- chronological-class-name -->
              <div class="configuration-class before">
                <span class="method-name">setup(firefox, staging)</span>
                <span class="method-start">598838 ms</span>
              </div> <!-- configuration-class before -->
              <div class="test-method">
                <img src="failed.png">
                </img>
                <span class="method-name">wasteMeterCreateTest(6, NewBuildingProject, Login, BWaste)</span>
                <span class="method-start">619808 ms</span>
              </div> <!-- test-method -->
              <div class="configuration-method after">
                <span class="method-name">teardown([TestResult name=wasteMeterCreateTest status=FAILURE method=WasteMeterCreateTest.wasteMeterCreateTes...)</span>
                <span class="method-start">691718 ms</span>
              </div> <!-- configuration-method after -->
              <div class="configuration-class after">
                <span class="method-name">end</span>
                <span class="method-start">691816 ms</span>
              </div> <!-- configuration-class after -->
            </div> <!-- chronological-class -->
            <div class="chronological-class">
              <div class="chronological-class-name">com.arc.testcases.MyBuildings.None.ProjectFieldVerificationTest</div> <!-- chronological-class-name -->
              <div class="configuration-class before">
                <span class="method-name">setup(firefox, staging)</span>
                <span class="method-start">695319 ms</span>
              </div> <!-- configuration-class before -->
              <div class="test-method">
                <span class="method-name">projectFieldVerificationTest(6, NewBuildingProject, Login)</span>
                <span class="method-start">717299 ms</span>
              </div> <!-- test-method -->
              <div class="configuration-method after">
                <span class="method-name">teardown([TestResult name=projectFieldVerificationTest status=SUCCESS method=ProjectFieldVerificationTest.pro...)</span>
                <span class="method-start">751763 ms</span>
              </div> <!-- configuration-method after -->
              <div class="configuration-class after">
                <span class="method-name">end</span>
                <span class="method-start">751817 ms</span>
              </div> <!-- configuration-class after -->
            </div> <!-- chronological-class -->
            <div class="chronological-class">
              <div class="chronological-class-name">com.arc.testcases.MyBuildings.None.EditProjectDetailsTest</div> <!-- chronological-class-name -->
              <div class="configuration-class before">
                <span class="method-name">setup(firefox, staging)</span>
                <span class="method-start">754863 ms</span>
              </div> <!-- configuration-class before -->
              <div class="test-method">
                <span class="method-name">editProjectDetailsTest(6, NewBuildingProject, Login)</span>
                <span class="method-start">775985 ms</span>
              </div> <!-- test-method -->
              <div class="configuration-method after">
                <span class="method-name">teardown([TestResult name=editProjectDetailsTest status=SUCCESS method=EditProjectDetailsTest.editProjectDeta...)</span>
                <span class="method-start">827995 ms</span>
              </div> <!-- configuration-method after -->
              <div class="configuration-class after">
                <span class="method-name">end</span>
                <span class="method-start">828072 ms</span>
              </div> <!-- configuration-class after -->
            </div> <!-- chronological-class -->
            <div class="chronological-class">
              <div class="chronological-class-name">com.arc.testcases.MyBuildings.None.ProjectDetailsVerificationTest</div> <!-- chronological-class-name -->
              <div class="configuration-class before">
                <span class="method-name">setup(firefox, staging)</span>
                <span class="method-start">832287 ms</span>
              </div> <!-- configuration-class before -->
              <div class="configuration-class after">
                <span class="method-name">end</span>
                <span class="method-start">854610 ms</span>
              </div> <!-- configuration-class after -->
            </div> <!-- chronological-class -->
            <div class="chronological-class">
              <div class="chronological-class-name">com.arc.testcases.MyBuildings.None.AddTeamMemberTest</div> <!-- chronological-class-name -->
              <div class="configuration-class before">
                <span class="method-name">setup(firefox, staging)</span>
                <span class="method-start">857683 ms</span>
              </div> <!-- configuration-class before -->
              <div class="test-method">
                <span class="method-name">addTeamMemberTest(6, NewBuildingProject, Login, BTeam)</span>
                <span class="method-start">882194 ms</span>
              </div> <!-- test-method -->
              <div class="configuration-method after">
                <span class="method-name">teardown([TestResult name=addTeamMemberTest status=SUCCESS method=AddTeamMemberTest.addTeamMemberTest(int, ja...)</span>
                <span class="method-start">936488 ms</span>
              </div> <!-- configuration-method after -->
              <div class="configuration-class after">
                <span class="method-name">end</span>
                <span class="method-start">936569 ms</span>
              </div> <!-- configuration-class after -->
            </div> <!-- chronological-class -->
            <div class="chronological-class">
              <div class="chronological-class-name">com.arc.testcases.MyBuildings.None.EditMemberRoleManagerTest</div> <!-- chronological-class-name -->
              <div class="configuration-class before">
                <span class="method-name">setup(firefox, staging)</span>
                <span class="method-start">940411 ms</span>
              </div> <!-- configuration-class before -->
              <div class="test-method">
                <span class="method-name">editMemberRoleManagerTest(6, NewBuildingProject, Login)</span>
                <span class="method-start">979833 ms</span>
              </div> <!-- test-method -->
              <div class="configuration-method after">
                <span class="method-name">teardown([TestResult name=editMemberRoleManagerTest status=SUCCESS method=EditMemberRoleManagerTest.editMembe...)</span>
                <span class="method-start">1027587 ms</span>
              </div> <!-- configuration-method after -->
              <div class="configuration-class after">
                <span class="method-name">end</span>
                <span class="method-start">1027653 ms</span>
              </div> <!-- configuration-class after -->
            </div> <!-- chronological-class -->
            <div class="chronological-class">
              <div class="chronological-class-name">com.arc.testcases.MyBuildings.None.VerifyAgreementFileDownloadTest</div> <!-- chronological-class-name -->
              <div class="configuration-class before">
                <span class="method-name">setup(firefox, staging)</span>
                <span class="method-start">1031609 ms</span>
              </div> <!-- configuration-class before -->
              <div class="test-method">
                <span class="method-name">verifyAgreementFileDownloadTest(6, NewBuildingProject, Login)</span>
                <span class="method-start">1053074 ms</span>
              </div> <!-- test-method -->
              <div class="configuration-method after">
                <span class="method-name">teardown([TestResult name=verifyAgreementFileDownloadTest status=SUCCESS method=VerifyAgreementFileDownloadTe...)</span>
                <span class="method-start">1102620 ms</span>
              </div> <!-- configuration-method after -->
              <div class="configuration-class after">
                <span class="method-name">end</span>
                <span class="method-start">1102696 ms</span>
              </div> <!-- configuration-class after -->
            </div> <!-- chronological-class -->
            <div class="chronological-class">
              <div class="chronological-class-name">com.arc.testcases.MyBuildings.None.InstallAllAppsTest</div> <!-- chronological-class-name -->
              <div class="configuration-class before">
                <span class="method-name">setup(firefox, staging)</span>
                <span class="method-start">1106084 ms</span>
              </div> <!-- configuration-class before -->
              <div class="test-method">
                <span class="method-name">installAllAppsTest(6, NewBuildingProject, Login)</span>
                <span class="method-start">1128173 ms</span>
              </div> <!-- test-method -->
              <div class="configuration-method after">
                <span class="method-name">teardown([TestResult name=installAllAppsTest status=SUCCESS method=InstallAllAppsTest.installAllAppsTest(int,...)</span>
                <span class="method-start">1178211 ms</span>
              </div> <!-- configuration-method after -->
              <div class="configuration-class after">
                <span class="method-name">end</span>
                <span class="method-start">1178291 ms</span>
              </div> <!-- configuration-class after -->
            </div> <!-- chronological-class -->
            <div class="chronological-class">
              <div class="chronological-class-name">com.arc.testcases.MyBuildings.None.UnistallAllAppsTest</div> <!-- chronological-class-name -->
              <div class="configuration-class before">
                <span class="method-name">setup(firefox, staging)</span>
                <span class="method-start">1184410 ms</span>
              </div> <!-- configuration-class before -->
              <div class="test-method">
                <span class="method-name">installAllAppsTest(6, NewBuildingProject, Login)</span>
                <span class="method-start">1205411 ms</span>
              </div> <!-- test-method -->
              <div class="configuration-method after">
                <span class="method-name">teardown([TestResult name=installAllAppsTest status=SUCCESS method=UnistallAllAppsTest.installAllAppsTest(int...)</span>
                <span class="method-start">1254071 ms</span>
              </div> <!-- configuration-method after -->
              <div class="configuration-class after">
                <span class="method-name">end</span>
                <span class="method-start">1254141 ms</span>
              </div> <!-- configuration-class after -->
            </div> <!-- chronological-class -->
            <div class="chronological-class">
              <div class="chronological-class-name">com.arc.testcases.MyBuildings.None.BillingDateVerificationTest</div> <!-- chronological-class-name -->
              <div class="configuration-class before">
                <span class="method-name">setup(firefox, staging)</span>
                <span class="method-start">1257370 ms</span>
              </div> <!-- configuration-class before -->
              <div class="test-method">
                <span class="method-name">billingDateVerificationTest(6, NewBuildingProject, Login)</span>
                <span class="method-start">1280683 ms</span>
              </div> <!-- test-method -->
              <div class="configuration-method after">
                <span class="method-name">teardown([TestResult name=billingDateVerificationTest status=SUCCESS method=BillingDateVerificationTest.billi...)</span>
                <span class="method-start">1315028 ms</span>
              </div> <!-- configuration-method after -->
              <div class="configuration-class after">
                <span class="method-name">end</span>
                <span class="method-start">1315094 ms</span>
              </div> <!-- configuration-class after -->
            </div> <!-- chronological-class -->
            <div class="chronological-class">
              <div class="chronological-class-name">com.arc.testcases.MyBuildings.None.BillingRegistrationAmountVerificationTest</div> <!-- chronological-class-name -->
              <div class="configuration-class before">
                <span class="method-name">setup(firefox, staging)</span>
                <span class="method-start">1318313 ms</span>
              </div> <!-- configuration-class before -->
              <div class="test-method">
                <span class="method-name">billingRegistrationAmountVerificationTest(6, NewBuildingProject, Login, Payment)</span>
                <span class="method-start">1339290 ms</span>
              </div> <!-- test-method -->
              <div class="configuration-method after">
                <span class="method-name">teardown([TestResult name=billingRegistrationAmountVerificationTest status=SUCCESS method=BillingRegistration...)</span>
                <span class="method-start">1371533 ms</span>
              </div> <!-- configuration-method after -->
              <div class="configuration-class after">
                <span class="method-name">end</span>
                <span class="method-start">1371606 ms</span>
              </div> <!-- configuration-class after -->
            </div> <!-- chronological-class -->
            <div class="chronological-class">
              <div class="chronological-class-name">com.arc.testcases.MyBuildings.None.BillingStatusVerificationTest</div> <!-- chronological-class-name -->
              <div class="configuration-class before">
                <span class="method-name">setup(firefox, staging)</span>
                <span class="method-start">1375460 ms</span>
              </div> <!-- configuration-class before -->
              <div class="configuration-class after">
                <span class="method-name">end</span>
                <span class="method-start">1396758 ms</span>
              </div> <!-- configuration-class after -->
            </div> <!-- chronological-class -->
            <div class="chronological-class">
              <div class="chronological-class-name">com.arc.testcases.MyBuildings.None.WasteMeterEditReadingTest</div> <!-- chronological-class-name -->
              <div class="configuration-class before">
                <span class="method-name">setup(firefox, staging)</span>
                <span class="method-start">1399793 ms</span>
              </div> <!-- configuration-class before -->
              <div class="configuration-class after">
                <span class="method-name">end</span>
                <span class="method-start">1420274 ms</span>
              </div> <!-- configuration-class after -->
            </div> <!-- chronological-class -->
            <div class="chronological-class">
              <div class="chronological-class-name">com.arc.testcases.MyBuildings.None.EnergyFileUploadTest</div> <!-- chronological-class-name -->
              <div class="configuration-class before">
                <span class="method-name">setup(firefox, staging)</span>
                <span class="method-start">1422611 ms</span>
              </div> <!-- configuration-class before -->
              <div class="test-method">
                <span class="method-name">energyFileUploadTest(6, NewBuildingProject, Login)</span>
                <span class="method-start">1445181 ms</span>
              </div> <!-- test-method -->
              <div class="configuration-method after">
                <span class="method-name">teardown([TestResult name=energyFileUploadTest status=SUCCESS method=EnergyFileUploadTest.energyFileUploadTes...)</span>
                <span class="method-start">1518836 ms</span>
              </div> <!-- configuration-method after -->
              <div class="configuration-class after">
                <span class="method-name">end</span>
                <span class="method-start">1518894 ms</span>
              </div> <!-- configuration-class after -->
            </div> <!-- chronological-class -->
            <div class="chronological-class">
              <div class="chronological-class-name">com.arc.testcases.MyBuildings.None.WaterFileUploadTest</div> <!-- chronological-class-name -->
              <div class="configuration-class before">
                <span class="method-name">setup(firefox, staging)</span>
                <span class="method-start">1522626 ms</span>
              </div> <!-- configuration-class before -->
              <div class="configuration-class after">
                <span class="method-name">end</span>
                <span class="method-start">1545590 ms</span>
              </div> <!-- configuration-class after -->
            </div> <!-- chronological-class -->
            <div class="chronological-class">
              <div class="chronological-class-name">com.arc.testcases.MyBuildings.None.WasteReadingDateOverlappingTest</div> <!-- chronological-class-name -->
              <div class="configuration-class before">
                <span class="method-name">setup(firefox, staging)</span>
                <span class="method-start">1549391 ms</span>
              </div> <!-- configuration-class before -->
              <div class="configuration-class after">
                <span class="method-name">end</span>
                <span class="method-start">1574115 ms</span>
              </div> <!-- configuration-class after -->
            </div> <!-- chronological-class -->
            <div class="chronological-class">
              <div class="chronological-class-name">com.arc.testcases.MyBuildings.None.AddNewProjectINDTest</div> <!-- chronological-class-name -->
              <div class="configuration-class before">
                <span class="method-name">setup(firefox, staging)</span>
                <span class="method-start">1576763 ms</span>
              </div> <!-- configuration-class before -->
              <div class="test-method">
                <span class="method-name">addNewProjectTest(6, Login)</span>
                <span class="method-start">1598788 ms</span>
              </div> <!-- test-method -->
              <div class="configuration-method after">
                <span class="method-name">teardown([TestResult name=addNewProjectTest status=SUCCESS method=AddNewProjectINDTest.addNewProjectTest(int,...)</span>
                <span class="method-start">1652321 ms</span>
              </div> <!-- configuration-method after -->
              <div class="configuration-class after">
                <span class="method-name">end</span>
                <span class="method-start">1652369 ms</span>
              </div> <!-- configuration-class after -->
            </div> <!-- chronological-class -->
            <div class="chronological-class">
              <div class="chronological-class-name">com.arc.testcases.MyBuildings.None.PaymentbyCheckTest</div> <!-- chronological-class-name -->
              <div class="configuration-class before">
                <span class="method-name">setup(firefox, staging)</span>
                <span class="method-start">1656688 ms</span>
              </div> <!-- configuration-class before -->
              <div class="test-method">
                <img src="failed.png">
                </img>
                <span class="method-name">paymentbyCCTest(6, NewBuildingProject, Login, Payment)</span>
                <span class="method-start">1677578 ms</span>
              </div> <!-- test-method -->
              <div class="configuration-method after">
                <span class="method-name">teardown([TestResult name=paymentbyCCTest status=FAILURE method=PaymentbyCheckTest.paymentbyCCTest(int, java....)</span>
                <span class="method-start">1754570 ms</span>
              </div> <!-- configuration-method after -->
              <div class="configuration-class after">
                <img src="failed.png">
                </img>
                <span class="method-name">end</span>
                <span class="method-start">1754623 ms</span>
              </div> <!-- configuration-class after -->
            </div> <!-- chronological-class -->
            <div class="chronological-class">
              <div class="chronological-class-name">com.arc.testcases.MyBuildings.None.PerformanceScoreVerificationReviewTest</div> <!-- chronological-class-name -->
              <div class="configuration-class before">
                <span class="method-name">setup(firefox, staging)</span>
                <span class="method-start">1758662 ms</span>
              </div> <!-- configuration-class before -->
              <div class="test-method">
                <span class="method-name">waterFileUploadTest(6, NewBuildingProject, Login, Payment)</span>
                <span class="method-start">1780043 ms</span>
              </div> <!-- test-method -->
              <div class="configuration-method after">
                <span class="method-name">teardown([TestResult name=waterFileUploadTest status=SKIP method=PerformanceScoreVerificationReviewTest.water...)</span>
                <span class="method-start">1780049 ms</span>
              </div> <!-- configuration-method after -->
              <div class="configuration-class after">
                <span class="method-name">end</span>
                <span class="method-start">1780123 ms</span>
              </div> <!-- configuration-class after -->
          </div> <!-- main-panel-content rounded-window-bottom -->
        </div> <!-- panel -->
      </div> <!-- main-panel-root -->
    </div> <!-- wrapper -->
  </body>
</html>
